2025.05.25 20:03:07 INFO  Started: Metals version 1.5.3 in folders '/home/lenovo/blogapp' for client Visual Studio Code 1.97.2.[0m
2025.05.25 20:03:51 INFO  no build target found for /home/lenovo/blogapp/app/controllers/HomeController.scala. Using presentation compiler with project's scala-library version: 3.3.6[0m
2025.05.25 20:03:51 INFO  no build target found for /home/lenovo/blogapp/app/controllers/HomeController.scala. Using presentation compiler with project's scala-library version: 3.3.6[0m
2025.05.25 20:03:51 INFO  no build target found for /home/lenovo/blogapp/app/controllers/HomeController.scala. Using presentation compiler with project's scala-library version: 3.3.6[0m
2025.05.25 20:03:53 INFO  no build target found for /home/lenovo/blogapp/app/controllers/HomeController.scala. Using presentation compiler with project's scala-library version: 3.3.6[0m
2025.05.25 20:03:53 INFO  no build target found for /home/lenovo/blogapp/app/controllers/HomeController.scala. Using presentation compiler with project's scala-library version: 3.3.6[0m
2025.05.25 20:03:53 INFO  no build target found for /home/lenovo/blogapp/app/controllers/HomeController.scala. Using presentation compiler with project's scala-library version: 3.3.6[0m
2025.05.25 20:03:53 INFO  no build target found for /home/lenovo/blogapp/app/controllers/HomeController.scala. Using presentation compiler with project's scala-library version: 3.3.6[0m
2025.05.25 20:03:54 WARN  no build target for: /home/lenovo/blogapp/app/controllers/HomeController.scala[0m
2025.05.25 20:03:53 INFO  no build target found for /home/lenovo/blogapp/app/controllers/HomeController.scala. Using presentation compiler with project's scala-library version: 3.3.6[0m
2025.05.25 20:03:54 INFO  no build target found for /home/lenovo/blogapp/app/controllers/HomeController.scala. Using presentation compiler with project's scala-library version: 3.3.6[0m
2025.05.25 20:04:05 INFO  no build target found for /home/lenovo/blogapp/app/controllers/HomeController.scala. Using presentation compiler with project's scala-library version: 3.3.6[0m
2025.05.25 20:04:12 INFO  no build target found for /home/lenovo/blogapp/app/models/BlogPost.scala. Using presentation compiler with project's scala-library version: 3.3.6[0m
2025.05.25 20:04:12 WARN  Could not find semantic tokens for: file:///home/lenovo/blogapp/app/models/BlogPost.scala[0m
2025.05.25 20:04:19 INFO  no build target found for /home/lenovo/blogapp/app/models/BlogPost.scala. Using presentation compiler with project's scala-library version: 3.3.6[0m
2025.05.25 20:04:19 INFO  no build target found for /home/lenovo/blogapp/app/models/BlogPost.scala. Using presentation compiler with project's scala-library version: 3.3.6[0m
2025.05.25 20:04:19 WARN  no build target for: /home/lenovo/blogapp/app/models/BlogPost.scala[0m
2025.05.25 20:04:20 INFO  no build target found for /home/lenovo/blogapp/app/models/BlogPost.scala. Using presentation compiler with project's scala-library version: 3.3.6[0m
2025.05.25 20:04:20 INFO  no build target found for /home/lenovo/blogapp/app/models/BlogPost.scala. Using presentation compiler with project's scala-library version: 3.3.6[0m
2025.05.25 20:05:41 INFO  no build target found for /home/lenovo/blogapp/build.sbt. Using presentation compiler with project's scala-library version: 3.3.6[0m
2025.05.25 20:05:41 INFO  no build target found for /home/lenovo/blogapp/build.sbt. Using presentation compiler with project's scala-library version: 3.3.6[0m
2025.05.25 20:05:42 INFO  no build target found for /home/lenovo/blogapp/build.sbt. Using presentation compiler with project's scala-library version: 3.3.6[0m
2025.05.25 20:05:42 INFO  no build target found for /home/lenovo/blogapp/build.sbt. Using presentation compiler with project's scala-library version: 3.3.6[0m
2025.05.25 20:05:42 INFO  no build target found for /home/lenovo/blogapp/build.sbt. Using presentation compiler with project's scala-library version: 3.3.6[0m
2025.05.25 20:05:43 INFO  no build target found for /home/lenovo/blogapp/build.sbt. Using presentation compiler with project's scala-library version: 3.3.6[0m
2025.05.25 20:05:43 INFO  no build target found for /home/lenovo/blogapp/build.sbt. Using presentation compiler with project's scala-library version: 3.3.6[0m
2025.05.25 20:05:43 WARN  no build target for: /home/lenovo/blogapp/build.sbt[0m
2025.05.25 20:05:43 INFO  no build target found for /home/lenovo/blogapp/build.sbt. Using presentation compiler with project's scala-library version: 3.3.6[0m
2025.05.25 20:05:43 INFO  no build target found for /home/lenovo/blogapp/build.sbt. Using presentation compiler with project's scala-library version: 3.3.6[0m
May 25, 2025 8:06:35 PM org.eclipse.lsp4j.jsonrpc.services.GenericEndpoint notify
INFO: Unsupported notification method: $/setTrace
2025.05.25 20:18:59 WARN  no build target for: /home/lenovo/blogapp/app/controllers/HomeController.scala[0m
2025.05.25 20:18:59 INFO  no build target found for /home/lenovo/blogapp/app/controllers/HomeController.scala. Using presentation compiler with project's scala-library version: 3.3.6[0m
2025.05.25 20:18:59 INFO  no build target found for /home/lenovo/blogapp/app/controllers/HomeController.scala. Using presentation compiler with project's scala-library version: 3.3.6[0m
2025.05.25 20:18:59 INFO  no build target found for /home/lenovo/blogapp/app/controllers/HomeController.scala. Using presentation compiler with project's scala-library version: 3.3.6[0m
2025.05.25 20:19:03 WARN  no build target for: /home/lenovo/blogapp/app/models/BlogPost.scala[0m
2025.05.25 20:19:03 INFO  no build target found for /home/lenovo/blogapp/app/models/BlogPost.scala. Using presentation compiler with project's scala-library version: 3.3.6[0m
2025.05.25 20:19:03 INFO  no build target found for /home/lenovo/blogapp/app/models/BlogPost.scala. Using presentation compiler with project's scala-library version: 3.3.6[0m
2025.05.25 20:25:41 WARN  no build target for: /home/lenovo/blogapp/app/controllers/HomeController.scala[0m
2025.05.25 20:25:41 INFO  no build target found for /home/lenovo/blogapp/app/controllers/HomeController.scala. Using presentation compiler with project's scala-library version: 3.3.6[0m
2025.05.25 20:25:41 INFO  no build target found for /home/lenovo/blogapp/app/controllers/HomeController.scala. Using presentation compiler with project's scala-library version: 3.3.6[0m
2025.05.25 20:25:41 INFO  no build target found for /home/lenovo/blogapp/app/controllers/HomeController.scala. Using presentation compiler with project's scala-library version: 3.3.6[0m
2025.05.25 20:25:51 INFO  no build target found for /home/lenovo/blogapp/app/controllers/HomeController.scala. Using presentation compiler with project's scala-library version: 3.3.6[0m
2025.05.25 20:26:00 WARN  no build target for: /home/lenovo/blogapp/app/models/BlogPost.scala[0m
2025.05.25 20:26:00 INFO  no build target found for /home/lenovo/blogapp/app/models/BlogPost.scala. Using presentation compiler with project's scala-library version: 3.3.6[0m
2025.05.25 20:26:00 INFO  no build target found for /home/lenovo/blogapp/app/models/BlogPost.scala. Using presentation compiler with project's scala-library version: 3.3.6[0m
2025.05.25 20:26:10 INFO  no build target found for /home/lenovo/blogapp/app/models/BlogPost.scala. Using presentation compiler with project's scala-library version: 3.3.6[0m
2025.05.25 20:28:36 WARN  no build target for: /home/lenovo/blogapp/build.sbt[0m
2025.05.25 20:28:36 INFO  no build target found for /home/lenovo/blogapp/build.sbt. Using presentation compiler with project's scala-library version: 3.3.6[0m
2025.05.25 20:28:36 INFO  no build target found for /home/lenovo/blogapp/build.sbt. Using presentation compiler with project's scala-library version: 3.3.6[0m
2025.05.25 20:28:36 INFO  no build target found for /home/lenovo/blogapp/build.sbt. Using presentation compiler with project's scala-library version: 3.3.6[0m
2025.05.25 20:28:47 INFO  no build target found for /home/lenovo/blogapp/build.sbt. Using presentation compiler with project's scala-library version: 3.3.6[0m
2025.05.25 20:28:47 INFO  no build target found for /home/lenovo/blogapp/build.sbt. Using presentation compiler with project's scala-library version: 3.3.6[0m
2025.05.25 20:28:47 INFO  no build target found for /home/lenovo/blogapp/build.sbt. Using presentation compiler with project's scala-library version: 3.3.6[0m
2025.05.25 20:28:47 INFO  no build target found for /home/lenovo/blogapp/build.sbt. Using presentation compiler with project's scala-library version: 3.3.6[0m
2025.05.25 20:28:47 INFO  no build target found for /home/lenovo/blogapp/build.sbt. Using presentation compiler with project's scala-library version: 3.3.6[0m
May 25, 2025 8:28:47 PM org.eclipse.lsp4j.jsonrpc.RemoteEndpoint handleCancellation
WARNING: Unmatched cancel notification for request id 111
2025.05.25 20:28:47 INFO  no build target found for /home/lenovo/blogapp/build.sbt. Using presentation compiler with project's scala-library version: 3.3.6[0m
May 25, 2025 8:28:48 PM scala.meta.internal.metals.StdReporter $anonfun$create$1
WARNING: empty definition using pc, found symbol in pc:  (full report at: /home/lenovo/blogapp/.metals/.reports/metals-full/2025-05-25/r_empty-definition_20-28-48-062.md)
2025.05.25 20:28:48 INFO  no build target found for /home/lenovo/blogapp/build.sbt. Using presentation compiler with project's scala-library version: 3.3.6[0m
2025.05.25 20:31:43 WARN  no build target for: /home/lenovo/blogapp/app/controllers/HomeController.scala[0m
2025.05.25 20:31:43 INFO  no build target found for /home/lenovo/blogapp/app/controllers/HomeController.scala. Using presentation compiler with project's scala-library version: 3.3.6[0m
2025.05.25 20:31:43 INFO  no build target found for /home/lenovo/blogapp/app/controllers/HomeController.scala. Using presentation compiler with project's scala-library version: 3.3.6[0m
2025.05.25 20:31:43 INFO  no build target found for /home/lenovo/blogapp/app/controllers/HomeController.scala. Using presentation compiler with project's scala-library version: 3.3.6[0m
2025.05.25 20:31:44 INFO  no build target found for /home/lenovo/blogapp/app/controllers/HomeController.scala. Using presentation compiler with project's scala-library version: 3.3.6[0m
2025.05.25 20:31:45 INFO  no build target found for /home/lenovo/blogapp/app/controllers/HomeController.scala. Using presentation compiler with project's scala-library version: 3.3.6[0m
2025.05.25 20:31:45 INFO  no build target found for /home/lenovo/blogapp/app/controllers/HomeController.scala. Using presentation compiler with project's scala-library version: 3.3.6[0m
2025.05.25 20:31:45 INFO  no build target found for /home/lenovo/blogapp/app/controllers/HomeController.scala. Using presentation compiler with project's scala-library version: 3.3.6[0m
2025.05.25 20:31:45 INFO  no build target found for /home/lenovo/blogapp/app/controllers/HomeController.scala. Using presentation compiler with project's scala-library version: 3.3.6[0m
2025.05.25 20:31:45 INFO  no build target found for /home/lenovo/blogapp/app/controllers/HomeController.scala. Using presentation compiler with project's scala-library version: 3.3.6[0m
2025.05.25 20:31:46 INFO  no build target found for /home/lenovo/blogapp/app/controllers/HomeController.scala. Using presentation compiler with project's scala-library version: 3.3.6[0m
2025.05.25 20:31:47 WARN  no build target for: /home/lenovo/blogapp/app/controllers/HomeController.scala[0m
2025.05.25 20:31:47 INFO  no build target found for /home/lenovo/blogapp/app/controllers/HomeController.scala. Using presentation compiler with project's scala-library version: 3.3.6[0m
2025.05.25 20:31:47 INFO  no build target found for /home/lenovo/blogapp/app/controllers/HomeController.scala. Using presentation compiler with project's scala-library version: 3.3.6[0m
2025.05.25 20:32:07 WARN  no build target for: /home/lenovo/blogapp/app/models/BlogPost.scala[0m
2025.05.25 20:32:07 INFO  no build target found for /home/lenovo/blogapp/app/models/BlogPost.scala. Using presentation compiler with project's scala-library version: 3.3.6[0m
2025.05.25 20:32:07 INFO  no build target found for /home/lenovo/blogapp/app/models/BlogPost.scala. Using presentation compiler with project's scala-library version: 3.3.6[0m
2025.05.25 20:32:07 INFO  no build target found for /home/lenovo/blogapp/app/models/BlogPost.scala. Using presentation compiler with project's scala-library version: 3.3.6[0m
2025.05.25 20:32:07 INFO  no build target found for /home/lenovo/blogapp/app/models/BlogPost.scala. Using presentation compiler with project's scala-library version: 3.3.6[0m
2025.05.25 20:32:09 INFO  no build target found for /home/lenovo/blogapp/app/models/BlogPost.scala. Using presentation compiler with project's scala-library version: 3.3.6[0m
2025.05.25 20:32:09 INFO  no build target found for /home/lenovo/blogapp/app/models/BlogPost.scala. Using presentation compiler with project's scala-library version: 3.3.6[0m
2025.05.25 20:32:09 INFO  no build target found for /home/lenovo/blogapp/app/models/BlogPost.scala. Using presentation compiler with project's scala-library version: 3.3.6[0m
2025.05.25 20:32:10 INFO  no build target found for /home/lenovo/blogapp/app/models/BlogPost.scala. Using presentation compiler with project's scala-library version: 3.3.6[0m
2025.05.25 20:32:11 INFO  no build target found for /home/lenovo/blogapp/app/models/BlogPost.scala. Using presentation compiler with project's scala-library version: 3.3.6[0m
2025.05.25 20:32:11 INFO  no build target found for /home/lenovo/blogapp/app/models/BlogPost.scala. Using presentation compiler with project's scala-library version: 3.3.6[0m
2025.05.25 20:32:12 INFO  no build target found for /home/lenovo/blogapp/app/models/BlogPost.scala. Using presentation compiler with project's scala-library version: 3.3.6[0m
2025.05.25 20:32:12 WARN  no build target for: /home/lenovo/blogapp/app/models/BlogPost.scala[0m
2025.05.25 20:32:12 INFO  no build target found for /home/lenovo/blogapp/app/models/BlogPost.scala. Using presentation compiler with project's scala-library version: 3.3.6[0m
2025.05.25 20:32:12 INFO  no build target found for /home/lenovo/blogapp/app/models/BlogPost.scala. Using presentation compiler with project's scala-library version: 3.3.6[0m
2025.05.25 20:50:54 WARN  no build target for: /home/lenovo/blogapp/app/models/BlogPost.scala[0m
2025.05.25 20:50:54 INFO  no build target found for /home/lenovo/blogapp/app/models/BlogPost.scala. Using presentation compiler with project's scala-library version: 3.3.6[0m
2025.05.25 20:50:54 INFO  no build target found for /home/lenovo/blogapp/app/models/BlogPost.scala. Using presentation compiler with project's scala-library version: 3.3.6[0m
2025.05.25 20:50:54 INFO  no build target found for /home/lenovo/blogapp/app/models/BlogPost.scala. Using presentation compiler with project's scala-library version: 3.3.6[0m
2025.05.25 20:50:54 INFO  no build target found for /home/lenovo/blogapp/app/models/BlogPost.scala. Using presentation compiler with project's scala-library version: 3.3.6[0m
2025.05.25 20:50:58 INFO  no build target found for /home/lenovo/blogapp/app/models/BlogPost.scala. Using presentation compiler with project's scala-library version: 3.3.6[0m
2025.05.25 20:51:10 INFO  no build target found for /home/lenovo/blogapp/app/models/BlogPost.scala. Using presentation compiler with project's scala-library version: 3.3.6[0m
2025.05.25 20:51:10 INFO  no build target found for /home/lenovo/blogapp/app/models/BlogPost.scala. Using presentation compiler with project's scala-library version: 3.3.6[0m
2025.05.25 20:51:10 INFO  no build target found for /home/lenovo/blogapp/app/models/BlogPost.scala. Using presentation compiler with project's scala-library version: 3.3.6[0m
2025.05.25 20:51:11 INFO  no build target found for /home/lenovo/blogapp/app/models/BlogPost.scala. Using presentation compiler with project's scala-library version: 3.3.6[0m
2025.05.25 20:51:16 INFO  no build target found for /home/lenovo/blogapp/app/models/BlogPost.scala. Using presentation compiler with project's scala-library version: 3.3.6[0m
2025.05.25 20:51:16 INFO  no build target found for /home/lenovo/blogapp/app/models/BlogPost.scala. Using presentation compiler with project's scala-library version: 3.3.6[0m
2025.05.25 20:51:16 INFO  no build target found for /home/lenovo/blogapp/app/models/BlogPost.scala. Using presentation compiler with project's scala-library version: 3.3.6[0m
2025.05.25 20:51:16 INFO  no build target found for /home/lenovo/blogapp/app/models/BlogPost.scala. Using presentation compiler with project's scala-library version: 3.3.6[0m
2025.05.25 20:51:17 WARN  no build target for: /home/lenovo/blogapp/app/models/BlogPost.scala[0m
2025.05.25 20:51:17 INFO  no build target found for /home/lenovo/blogapp/app/models/BlogPost.scala. Using presentation compiler with project's scala-library version: 3.3.6[0m
2025.05.25 20:52:38 WARN  no build target for: /home/lenovo/blogapp/app/controllers/HomeController.scala[0m
2025.05.25 20:52:38 INFO  no build target found for /home/lenovo/blogapp/app/controllers/HomeController.scala. Using presentation compiler with project's scala-library version: 3.3.6[0m
2025.05.25 20:52:38 INFO  no build target found for /home/lenovo/blogapp/app/controllers/HomeController.scala. Using presentation compiler with project's scala-library version: 3.3.6[0m
2025.05.25 20:52:38 INFO  no build target found for /home/lenovo/blogapp/app/controllers/HomeController.scala. Using presentation compiler with project's scala-library version: 3.3.6[0m
2025.05.25 20:52:40 WARN  no build target for: /home/lenovo/blogapp/app/models/BlogPost.scala[0m
2025.05.25 20:52:40 INFO  no build target found for /home/lenovo/blogapp/app/models/BlogPost.scala. Using presentation compiler with project's scala-library version: 3.3.6[0m
2025.05.25 20:52:40 INFO  no build target found for /home/lenovo/blogapp/app/models/BlogPost.scala. Using presentation compiler with project's scala-library version: 3.3.6[0m
2025.05.25 20:52:40 INFO  no build target found for /home/lenovo/blogapp/app/models/BlogPost.scala. Using presentation compiler with project's scala-library version: 3.3.6[0m
2025.05.25 20:59:22 WARN  no build target for: /home/lenovo/blogapp/app/models/BlogPost.scala[0m
2025.05.25 20:59:22 INFO  no build target found for /home/lenovo/blogapp/app/models/BlogPost.scala. Using presentation compiler with project's scala-library version: 3.3.6[0m
2025.05.25 20:59:22 INFO  no build target found for /home/lenovo/blogapp/app/models/BlogPost.scala. Using presentation compiler with project's scala-library version: 3.3.6[0m
2025.05.25 20:59:22 INFO  no build target found for /home/lenovo/blogapp/app/models/BlogPost.scala. Using presentation compiler with project's scala-library version: 3.3.6[0m
2025.05.25 20:59:22 INFO  no build target found for /home/lenovo/blogapp/app/models/BlogPost.scala. Using presentation compiler with project's scala-library version: 3.3.6[0m
2025.05.25 20:59:27 WARN  no build target for: /home/lenovo/blogapp/app/controllers/HomeController.scala[0m
2025.05.25 20:59:27 INFO  no build target found for /home/lenovo/blogapp/app/controllers/HomeController.scala. Using presentation compiler with project's scala-library version: 3.3.6[0m
2025.05.25 20:59:27 INFO  no build target found for /home/lenovo/blogapp/app/controllers/HomeController.scala. Using presentation compiler with project's scala-library version: 3.3.6[0m
2025.05.25 20:59:27 INFO  no build target found for /home/lenovo/blogapp/app/controllers/HomeController.scala. Using presentation compiler with project's scala-library version: 3.3.6[0m
2025.05.25 20:59:34 INFO  no build target found for /home/lenovo/blogapp/app/controllers/HomeController.scala. Using presentation compiler with project's scala-library version: 3.3.6[0m
2025.05.25 20:59:34 INFO  no build target found for /home/lenovo/blogapp/app/controllers/HomeController.scala. Using presentation compiler with project's scala-library version: 3.3.6[0m
2025.05.25 20:59:36 INFO  no build target found for /home/lenovo/blogapp/app/controllers/HomeController.scala. Using presentation compiler with project's scala-library version: 3.3.6[0m
2025.05.25 20:59:36 INFO  no build target found for /home/lenovo/blogapp/app/controllers/HomeController.scala. Using presentation compiler with project's scala-library version: 3.3.6[0m
2025.05.25 20:59:41 INFO  no build target found for /home/lenovo/blogapp/app/controllers/HomeController.scala. Using presentation compiler with project's scala-library version: 3.3.6[0m
2025.05.25 21:01:59 WARN  no build target for: /home/lenovo/blogapp/app/controllers/HomeController.scala[0m
2025.05.25 21:01:59 INFO  no build target found for /home/lenovo/blogapp/app/controllers/HomeController.scala. Using presentation compiler with project's scala-library version: 3.3.6[0m
2025.05.25 21:01:59 INFO  no build target found for /home/lenovo/blogapp/app/controllers/HomeController.scala. Using presentation compiler with project's scala-library version: 3.3.6[0m
2025.05.25 21:01:59 INFO  no build target found for /home/lenovo/blogapp/app/controllers/HomeController.scala. Using presentation compiler with project's scala-library version: 3.3.6[0m
2025.05.25 21:02:02 WARN  no build target for: /home/lenovo/blogapp/app/models/BlogPost.scala[0m
2025.05.25 21:02:02 INFO  no build target found for /home/lenovo/blogapp/app/models/BlogPost.scala. Using presentation compiler with project's scala-library version: 3.3.6[0m
2025.05.25 21:02:02 INFO  no build target found for /home/lenovo/blogapp/app/models/BlogPost.scala. Using presentation compiler with project's scala-library version: 3.3.6[0m
2025.05.25 21:02:02 INFO  no build target found for /home/lenovo/blogapp/app/models/BlogPost.scala. Using presentation compiler with project's scala-library version: 3.3.6[0m
2025.05.25 21:02:02 INFO  no build target found for /home/lenovo/blogapp/app/models/BlogPost.scala. Using presentation compiler with project's scala-library version: 3.3.6[0m
2025.05.25 21:03:34 WARN  no build target for: /home/lenovo/blogapp/app/controllers/HomeController.scala[0m
2025.05.25 21:03:34 INFO  no build target found for /home/lenovo/blogapp/app/controllers/HomeController.scala. Using presentation compiler with project's scala-library version: 3.3.6[0m
2025.05.25 21:03:34 INFO  no build target found for /home/lenovo/blogapp/app/controllers/HomeController.scala. Using presentation compiler with project's scala-library version: 3.3.6[0m
2025.05.25 21:03:34 INFO  no build target found for /home/lenovo/blogapp/app/controllers/HomeController.scala. Using presentation compiler with project's scala-library version: 3.3.6[0m
2025.05.25 21:03:39 WARN  no build target for: /home/lenovo/blogapp/app/models/BlogPost.scala[0m
2025.05.25 21:03:39 INFO  no build target found for /home/lenovo/blogapp/app/models/BlogPost.scala. Using presentation compiler with project's scala-library version: 3.3.6[0m
2025.05.25 21:03:39 INFO  no build target found for /home/lenovo/blogapp/app/models/BlogPost.scala. Using presentation compiler with project's scala-library version: 3.3.6[0m
2025.05.25 21:03:39 INFO  no build target found for /home/lenovo/blogapp/app/models/BlogPost.scala. Using presentation compiler with project's scala-library version: 3.3.6[0m
2025.05.25 21:03:43 INFO  no build target found for /home/lenovo/blogapp/app/models/BlogPost.scala. Using presentation compiler with project's scala-library version: 3.3.6[0m
2025.05.25 21:03:43 INFO  no build target found for /home/lenovo/blogapp/app/models/BlogPost.scala. Using presentation compiler with project's scala-library version: 3.3.6[0m
2025.05.25 21:03:43 INFO  no build target found for /home/lenovo/blogapp/app/models/BlogPost.scala. Using presentation compiler with project's scala-library version: 3.3.6[0m
2025.05.25 21:03:43 INFO  no build target found for /home/lenovo/blogapp/app/models/BlogPost.scala. Using presentation compiler with project's scala-library version: 3.3.6[0m
2025.05.25 21:03:46 INFO  no build target found for /home/lenovo/blogapp/app/models/BlogPost.scala. Using presentation compiler with project's scala-library version: 3.3.6[0m
2025.05.25 21:03:46 INFO  no build target found for /home/lenovo/blogapp/app/models/BlogPost.scala. Using presentation compiler with project's scala-library version: 3.3.6[0m
2025.05.25 21:03:46 INFO  no build target found for /home/lenovo/blogapp/app/models/BlogPost.scala. Using presentation compiler with project's scala-library version: 3.3.6[0m
2025.05.25 21:03:47 INFO  no build target found for /home/lenovo/blogapp/app/models/BlogPost.scala. Using presentation compiler with project's scala-library version: 3.3.6[0m
2025.05.25 21:03:47 INFO  no build target found for /home/lenovo/blogapp/app/models/BlogPost.scala. Using presentation compiler with project's scala-library version: 3.3.6[0m
2025.05.25 21:03:49 INFO  no build target found for /home/lenovo/blogapp/app/models/BlogPost.scala. Using presentation compiler with project's scala-library version: 3.3.6[0m
2025.05.25 21:03:49 INFO  no build target found for /home/lenovo/blogapp/app/models/BlogPost.scala. Using presentation compiler with project's scala-library version: 3.3.6[0m
2025.05.25 21:03:49 INFO  no build target found for /home/lenovo/blogapp/app/models/BlogPost.scala. Using presentation compiler with project's scala-library version: 3.3.6[0m
2025.05.25 21:03:51 INFO  no build target found for /home/lenovo/blogapp/app/models/BlogPost.scala. Using presentation compiler with project's scala-library version: 3.3.6[0m
2025.05.25 21:03:51 INFO  no build target found for /home/lenovo/blogapp/app/models/BlogPost.scala. Using presentation compiler with project's scala-library version: 3.3.6[0m
2025.05.25 21:03:51 INFO  no build target found for /home/lenovo/blogapp/app/models/BlogPost.scala. Using presentation compiler with project's scala-library version: 3.3.6[0m
2025.05.25 21:03:53 INFO  no build target found for /home/lenovo/blogapp/app/models/BlogPost.scala. Using presentation compiler with project's scala-library version: 3.3.6[0m
2025.05.25 21:03:53 INFO  no build target found for /home/lenovo/blogapp/app/models/BlogPost.scala. Using presentation compiler with project's scala-library version: 3.3.6[0m
2025.05.25 21:03:53 INFO  no build target found for /home/lenovo/blogapp/app/models/BlogPost.scala. Using presentation compiler with project's scala-library version: 3.3.6[0m
2025.05.25 21:05:15 INFO  no build target found for /home/lenovo/blogapp/app/models/BlogPost.scala. Using presentation compiler with project's scala-library version: 3.3.6[0m
2025.05.25 21:05:15 INFO  no build target found for /home/lenovo/blogapp/app/models/BlogPost.scala. Using presentation compiler with project's scala-library version: 3.3.6[0m
2025.05.25 21:05:15 INFO  no build target found for /home/lenovo/blogapp/app/models/BlogPost.scala. Using presentation compiler with project's scala-library version: 3.3.6[0m
2025.05.25 21:05:18 INFO  no build target found for /home/lenovo/blogapp/app/models/BlogPost.scala. Using presentation compiler with project's scala-library version: 3.3.6[0m
2025.05.25 21:05:18 INFO  no build target found for /home/lenovo/blogapp/app/models/BlogPost.scala. Using presentation compiler with project's scala-library version: 3.3.6[0m
2025.05.25 21:05:19 INFO  no build target found for /home/lenovo/blogapp/app/models/BlogPost.scala. Using presentation compiler with project's scala-library version: 3.3.6[0m
2025.05.25 21:05:19 INFO  no build target found for /home/lenovo/blogapp/app/models/BlogPost.scala. Using presentation compiler with project's scala-library version: 3.3.6[0m
2025.05.25 21:05:20 INFO  no build target found for /home/lenovo/blogapp/app/models/BlogPost.scala. Using presentation compiler with project's scala-library version: 3.3.6[0m
2025.05.25 21:05:19 INFO  no build target found for /home/lenovo/blogapp/app/models/BlogPost.scala. Using presentation compiler with project's scala-library version: 3.3.6[0m
2025.05.25 21:05:19 INFO  no build target found for /home/lenovo/blogapp/app/models/BlogPost.scala. Using presentation compiler with project's scala-library version: 3.3.6[0m
2025.05.25 21:05:20 INFO  no build target found for /home/lenovo/blogapp/app/models/BlogPost.scala. Using presentation compiler with project's scala-library version: 3.3.6[0m
2025.05.25 21:05:21 INFO  no build target found for /home/lenovo/blogapp/app/models/BlogPost.scala. Using presentation compiler with project's scala-library version: 3.3.6[0m
2025.05.25 21:05:21 WARN  no build target for: /home/lenovo/blogapp/app/models/BlogPost.scala[0m
2025.05.25 21:05:20 INFO  no build target found for /home/lenovo/blogapp/app/models/BlogPost.scala. Using presentation compiler with project's scala-library version: 3.3.6[0m
2025.05.25 21:05:22 INFO  no build target found for /home/lenovo/blogapp/app/models/BlogPost.scala. Using presentation compiler with project's scala-library version: 3.3.6[0m
2025.05.25 21:05:23 INFO  no build target found for /home/lenovo/blogapp/app/models/BlogPost.scala. Using presentation compiler with project's scala-library version: 3.3.6[0m
2025.05.25 21:05:23 INFO  no build target found for /home/lenovo/blogapp/app/models/BlogPost.scala. Using presentation compiler with project's scala-library version: 3.3.6[0m
2025.05.25 21:05:23 INFO  no build target found for /home/lenovo/blogapp/app/models/BlogPost.scala. Using presentation compiler with project's scala-library version: 3.3.6[0m
2025.05.25 21:05:23 INFO  no build target found for /home/lenovo/blogapp/app/models/BlogPost.scala. Using presentation compiler with project's scala-library version: 3.3.6[0m
2025.05.25 21:05:23 INFO  no build target found for /home/lenovo/blogapp/app/models/BlogPost.scala. Using presentation compiler with project's scala-library version: 3.3.6[0m
2025.05.25 21:05:24 WARN  no build target for: /home/lenovo/blogapp/app/models/BlogPost.scala[0m
2025.05.25 21:05:24 INFO  no build target found for /home/lenovo/blogapp/app/models/BlogPost.scala. Using presentation compiler with project's scala-library version: 3.3.6[0m
2025.05.25 21:05:41 INFO  no build target found for /home/lenovo/blogapp/app/models/BlogPost.scala. Using presentation compiler with project's scala-library version: 3.3.6[0m
2025.05.25 21:05:42 INFO  no build target found for /home/lenovo/blogapp/app/models/BlogPost.scala. Using presentation compiler with project's scala-library version: 3.3.6[0m
2025.05.25 21:05:43 INFO  no build target found for /home/lenovo/blogapp/app/models/BlogPost.scala. Using presentation compiler with project's scala-library version: 3.3.6[0m
2025.05.25 21:05:43 INFO  no build target found for /home/lenovo/blogapp/app/models/BlogPost.scala. Using presentation compiler with project's scala-library version: 3.3.6[0m
2025.05.25 21:05:44 INFO  no build target found for /home/lenovo/blogapp/app/models/BlogPost.scala. Using presentation compiler with project's scala-library version: 3.3.6[0m
2025.05.25 21:05:43 INFO  no build target found for /home/lenovo/blogapp/app/models/BlogPost.scala. Using presentation compiler with project's scala-library version: 3.3.6[0m
2025.05.25 21:05:43 INFO  no build target found for /home/lenovo/blogapp/app/models/BlogPost.scala. Using presentation compiler with project's scala-library version: 3.3.6[0m
2025.05.25 21:05:44 INFO  no build target found for /home/lenovo/blogapp/app/models/BlogPost.scala. Using presentation compiler with project's scala-library version: 3.3.6[0m
2025.05.25 21:05:45 INFO  no build target found for /home/lenovo/blogapp/app/models/BlogPost.scala. Using presentation compiler with project's scala-library version: 3.3.6[0m
2025.05.25 21:05:45 INFO  no build target found for /home/lenovo/blogapp/app/models/BlogPost.scala. Using presentation compiler with project's scala-library version: 3.3.6[0m
2025.05.25 21:05:45 INFO  no build target found for /home/lenovo/blogapp/app/models/BlogPost.scala. Using presentation compiler with project's scala-library version: 3.3.6[0m
2025.05.25 21:05:46 WARN  no build target for: /home/lenovo/blogapp/app/models/BlogPost.scala[0m
2025.05.25 21:05:46 INFO  no build target found for /home/lenovo/blogapp/app/models/BlogPost.scala. Using presentation compiler with project's scala-library version: 3.3.6[0m
2025.05.25 21:05:46 INFO  no build target found for /home/lenovo/blogapp/app/models/BlogPost.scala. Using presentation compiler with project's scala-library version: 3.3.6[0m
2025.05.25 21:05:58 INFO  no build target found for /home/lenovo/blogapp/app/models/BlogPost.scala. Using presentation compiler with project's scala-library version: 3.3.6[0m
2025.05.25 21:09:52 WARN  no build target for: /home/lenovo/blogapp/app/controllers/HomeController.scala[0m
2025.05.25 21:09:52 INFO  no build target found for /home/lenovo/blogapp/app/controllers/HomeController.scala. Using presentation compiler with project's scala-library version: 3.3.6[0m
2025.05.25 21:09:52 INFO  no build target found for /home/lenovo/blogapp/app/controllers/HomeController.scala. Using presentation compiler with project's scala-library version: 3.3.6[0m
2025.05.25 21:09:52 INFO  no build target found for /home/lenovo/blogapp/app/controllers/HomeController.scala. Using presentation compiler with project's scala-library version: 3.3.6[0m
2025.05.25 21:10:33 INFO  no build target found for /home/lenovo/blogapp/app/controllers/HomeController.scala. Using presentation compiler with project's scala-library version: 3.3.6[0m
2025.05.25 21:10:33 INFO  no build target found for /home/lenovo/blogapp/app/controllers/HomeController.scala. Using presentation compiler with project's scala-library version: 3.3.6[0m
2025.05.25 21:10:41 WARN  no build target for: /home/lenovo/blogapp/app/models/BlogPost.scala[0m
2025.05.25 21:10:41 INFO  no build target found for /home/lenovo/blogapp/app/models/BlogPost.scala. Using presentation compiler with project's scala-library version: 3.3.6[0m
2025.05.25 21:10:41 INFO  no build target found for /home/lenovo/blogapp/app/models/BlogPost.scala. Using presentation compiler with project's scala-library version: 3.3.6[0m
2025.05.25 21:10:41 INFO  no build target found for /home/lenovo/blogapp/app/models/BlogPost.scala. Using presentation compiler with project's scala-library version: 3.3.6[0m
2025.05.25 21:10:48 INFO  no build target found for /home/lenovo/blogapp/app/models/BlogPost.scala. Using presentation compiler with project's scala-library version: 3.3.6[0m
2025.05.25 21:10:49 INFO  no build target found for /home/lenovo/blogapp/app/models/BlogPost.scala. Using presentation compiler with project's scala-library version: 3.3.6[0m
2025.05.25 21:12:34 WARN  no build target for: /home/lenovo/blogapp/build.sbt[0m
2025.05.25 21:12:34 INFO  no build target found for /home/lenovo/blogapp/build.sbt. Using presentation compiler with project's scala-library version: 3.3.6[0m
2025.05.25 21:12:34 INFO  no build target found for /home/lenovo/blogapp/build.sbt. Using presentation compiler with project's scala-library version: 3.3.6[0m
2025.05.25 21:12:43 INFO  no build target found for /home/lenovo/blogapp/build.sbt. Using presentation compiler with project's scala-library version: 3.3.6[0m
2025.05.25 21:12:43 INFO  no build target found for /home/lenovo/blogapp/build.sbt. Using presentation compiler with project's scala-library version: 3.3.6[0m
2025.05.25 21:12:43 INFO  no build target found for /home/lenovo/blogapp/build.sbt. Using presentation compiler with project's scala-library version: 3.3.6[0m
2025.05.25 21:12:44 INFO  no build target found for /home/lenovo/blogapp/build.sbt. Using presentation compiler with project's scala-library version: 3.3.6[0m
May 25, 2025 9:12:44 PM scala.meta.internal.metals.StdReporter $anonfun$create$1
WARNING: empty definition using pc, found symbol in pc:  (full report at: /home/lenovo/blogapp/.metals/.reports/metals-full/2025-05-25/r_empty-definition_20-28-48-062.md)
2025.05.25 21:12:45 INFO  no build target found for /home/lenovo/blogapp/build.sbt. Using presentation compiler with project's scala-library version: 3.3.6[0m
2025.05.25 21:22:20 INFO  Shutting down server[0m
2025.05.25 21:22:20 INFO  shutting down Metals[0m
2025.05.25 21:22:20 INFO  Exiting server[0m
2025.05.25 21:22:21 ERROR Unexpected error initializing server: 
org.eclipse.lsp4j.jsonrpc.ResponseErrorException: Request window/showMessageRequest failed with message: Canceled
	at org.eclipse.lsp4j.jsonrpc.RemoteEndpoint.handleResponse(RemoteEndpoint.java:220)
	at org.eclipse.lsp4j.jsonrpc.RemoteEndpoint.consume(RemoteEndpoint.java:204)
	at org.eclipse.lsp4j.jsonrpc.json.StreamMessageProducer.handleMessage(StreamMessageProducer.java:185)
	at org.eclipse.lsp4j.jsonrpc.json.StreamMessageProducer.listen(StreamMessageProducer.java:97)
	at org.eclipse.lsp4j.jsonrpc.json.ConcurrentMessageProcessor.run(ConcurrentMessageProcessor.java:114)
	at java.util.concurrent.Executors$RunnableAdapter.call(Executors.java:539)
	at java.util.concurrent.FutureTask.run(FutureTask.java:264)
	at java.util.concurrent.ThreadPoolExecutor.runWorker(ThreadPoolExecutor.java:1136)
	at java.util.concurrent.ThreadPoolExecutor$Worker.run(ThreadPoolExecutor.java:635)
	at java.lang.Thread.run(Thread.java:840)
[0m
2025.05.26 08:22:16 INFO  Started: Metals version 1.5.3 in folders '/home/lenovo/blogapp' for client Visual Studio Code 1.97.2.
2025.05.26 08:22:18 INFO  no build target found for /home/lenovo/blogapp/build.sbt. Using presentation compiler with project's scala-library version: 3.3.6
2025.05.26 08:22:19 INFO  no build target found for /home/lenovo/blogapp/build.sbt. Using presentation compiler with project's scala-library version: 3.3.6
2025.05.26 08:25:40 INFO  no build target found for /home/lenovo/blogapp/app/models/User.scala. Using presentation compiler with project's scala-library version: 3.3.6
2025.05.26 08:25:40 WARN  Could not find semantic tokens for: file:///home/lenovo/blogapp/app/models/User.scala
2025.05.26 08:25:46 INFO  no build target found for /home/lenovo/blogapp/app/models/User.scala. Using presentation compiler with project's scala-library version: 3.3.6
2025.05.26 08:25:47 INFO  no build target found for /home/lenovo/blogapp/app/models/User.scala. Using presentation compiler with project's scala-library version: 3.3.6
2025.05.26 08:25:48 WARN  no build target for: /home/lenovo/blogapp/app/models/User.scala
2025.05.26 08:25:48 INFO  no build target found for /home/lenovo/blogapp/app/models/User.scala. Using presentation compiler with project's scala-library version: 3.3.6
2025.05.26 08:25:48 INFO  no build target found for /home/lenovo/blogapp/app/models/User.scala. Using presentation compiler with project's scala-library version: 3.3.6
2025.05.26 08:26:03 INFO  no build target found for /home/lenovo/blogapp/app/controllers/Auth.scala. Using presentation compiler with project's scala-library version: 3.3.6
2025.05.26 08:26:03 WARN  Could not find semantic tokens for: file:///home/lenovo/blogapp/app/controllers/Auth.scala
2025.05.26 08:26:07 INFO  no build target found for /home/lenovo/blogapp/app/controllers/Auth.scala. Using presentation compiler with project's scala-library version: 3.3.6
2025.05.26 08:26:07 INFO  no build target found for /home/lenovo/blogapp/app/controllers/Auth.scala. Using presentation compiler with project's scala-library version: 3.3.6
2025.05.26 08:26:08 WARN  no build target for: /home/lenovo/blogapp/app/controllers/Auth.scala
2025.05.26 08:26:07 INFO  no build target found for /home/lenovo/blogapp/app/controllers/Auth.scala. Using presentation compiler with project's scala-library version: 3.3.6
2025.05.26 08:26:08 INFO  no build target found for /home/lenovo/blogapp/app/controllers/Auth.scala. Using presentation compiler with project's scala-library version: 3.3.6
2025.05.26 08:26:24 INFO  no build target found for /home/lenovo/blogapp/app/controllers/AdminController.scala. Using presentation compiler with project's scala-library version: 3.3.6
2025.05.26 08:26:24 WARN  Could not find semantic tokens for: file:///home/lenovo/blogapp/app/controllers/AdminController.scala
2025.05.26 08:26:28 INFO  no build target found for /home/lenovo/blogapp/app/controllers/AdminController.scala. Using presentation compiler with project's scala-library version: 3.3.6
2025.05.26 08:26:28 INFO  no build target found for /home/lenovo/blogapp/app/controllers/AdminController.scala. Using presentation compiler with project's scala-library version: 3.3.6
2025.05.26 08:26:28 INFO  no build target found for /home/lenovo/blogapp/app/controllers/AdminController.scala. Using presentation compiler with project's scala-library version: 3.3.6
2025.05.26 08:26:29 INFO  no build target found for /home/lenovo/blogapp/app/controllers/AdminController.scala. Using presentation compiler with project's scala-library version: 3.3.6
2025.05.26 08:26:29 WARN  no build target for: /home/lenovo/blogapp/app/controllers/AdminController.scala
2025.05.26 08:26:29 INFO  no build target found for /home/lenovo/blogapp/app/controllers/AdminController.scala. Using presentation compiler with project's scala-library version: 3.3.6
2025.05.26 08:27:11 INFO  no build target found for /home/lenovo/blogapp/app/controllers/HomeController.scala. Using presentation compiler with project's scala-library version: 3.3.6
2025.05.26 08:27:11 INFO  no build target found for /home/lenovo/blogapp/app/controllers/HomeController.scala. Using presentation compiler with project's scala-library version: 3.3.6
2025.05.26 08:27:11 INFO  no build target found for /home/lenovo/blogapp/app/controllers/HomeController.scala. Using presentation compiler with project's scala-library version: 3.3.6
2025.05.26 08:27:12 INFO  no build target found for /home/lenovo/blogapp/app/controllers/HomeController.scala. Using presentation compiler with project's scala-library version: 3.3.6
2025.05.26 08:27:13 INFO  no build target found for /home/lenovo/blogapp/app/controllers/HomeController.scala. Using presentation compiler with project's scala-library version: 3.3.6
2025.05.26 08:27:13 INFO  no build target found for /home/lenovo/blogapp/app/controllers/HomeController.scala. Using presentation compiler with project's scala-library version: 3.3.6
2025.05.26 08:27:13 INFO  no build target found for /home/lenovo/blogapp/app/controllers/HomeController.scala. Using presentation compiler with project's scala-library version: 3.3.6
2025.05.26 08:27:14 INFO  no build target found for /home/lenovo/blogapp/app/controllers/HomeController.scala. Using presentation compiler with project's scala-library version: 3.3.6
2025.05.26 08:27:15 INFO  no build target found for /home/lenovo/blogapp/app/controllers/HomeController.scala. Using presentation compiler with project's scala-library version: 3.3.6
2025.05.26 08:27:15 INFO  no build target found for /home/lenovo/blogapp/app/controllers/HomeController.scala. Using presentation compiler with project's scala-library version: 3.3.6
2025.05.26 08:27:16 WARN  no build target for: /home/lenovo/blogapp/app/controllers/HomeController.scala
2025.05.26 08:27:16 INFO  no build target found for /home/lenovo/blogapp/app/controllers/HomeController.scala. Using presentation compiler with project's scala-library version: 3.3.6
2025.05.26 08:27:16 INFO  no build target found for /home/lenovo/blogapp/app/controllers/HomeController.scala. Using presentation compiler with project's scala-library version: 3.3.6
2025.05.26 08:27:17 INFO  no build target found for /home/lenovo/blogapp/app/controllers/HomeController.scala. Using presentation compiler with project's scala-library version: 3.3.6
2025.05.26 08:27:17 INFO  no build target found for /home/lenovo/blogapp/app/controllers/HomeController.scala. Using presentation compiler with project's scala-library version: 3.3.6
2025.05.26 08:27:17 INFO  no build target found for /home/lenovo/blogapp/app/controllers/HomeController.scala. Using presentation compiler with project's scala-library version: 3.3.6
2025.05.26 08:27:17 INFO  no build target found for /home/lenovo/blogapp/app/controllers/HomeController.scala. Using presentation compiler with project's scala-library version: 3.3.6
2025.05.26 08:27:19 INFO  no build target found for /home/lenovo/blogapp/app/controllers/HomeController.scala. Using presentation compiler with project's scala-library version: 3.3.6
2025.05.26 08:27:19 INFO  no build target found for /home/lenovo/blogapp/app/controllers/HomeController.scala. Using presentation compiler with project's scala-library version: 3.3.6
2025.05.26 08:27:19 INFO  no build target found for /home/lenovo/blogapp/app/controllers/HomeController.scala. Using presentation compiler with project's scala-library version: 3.3.6
2025.05.26 08:27:19 INFO  no build target found for /home/lenovo/blogapp/app/controllers/HomeController.scala. Using presentation compiler with project's scala-library version: 3.3.6
2025.05.26 08:27:19 INFO  no build target found for /home/lenovo/blogapp/app/controllers/HomeController.scala. Using presentation compiler with project's scala-library version: 3.3.6
2025.05.26 08:27:20 WARN  no build target for: /home/lenovo/blogapp/app/controllers/HomeController.scala
2025.05.26 08:27:19 INFO  no build target found for /home/lenovo/blogapp/app/controllers/HomeController.scala. Using presentation compiler with project's scala-library version: 3.3.6
2025.05.26 08:27:20 INFO  no build target found for /home/lenovo/blogapp/app/controllers/HomeController.scala. Using presentation compiler with project's scala-library version: 3.3.6
2025.05.26 08:27:20 INFO  no build target found for /home/lenovo/blogapp/app/controllers/HomeController.scala. Using presentation compiler with project's scala-library version: 3.3.6
2025.05.26 08:27:21 INFO  no build target found for /home/lenovo/blogapp/app/controllers/HomeController.scala. Using presentation compiler with project's scala-library version: 3.3.6
2025.05.26 08:27:21 INFO  no build target found for /home/lenovo/blogapp/app/controllers/HomeController.scala. Using presentation compiler with project's scala-library version: 3.3.6
2025.05.26 08:27:21 INFO  no build target found for /home/lenovo/blogapp/app/controllers/HomeController.scala. Using presentation compiler with project's scala-library version: 3.3.6
2025.05.26 08:27:21 INFO  no build target found for /home/lenovo/blogapp/app/controllers/HomeController.scala. Using presentation compiler with project's scala-library version: 3.3.6
2025.05.26 08:27:22 INFO  no build target found for /home/lenovo/blogapp/app/controllers/HomeController.scala. Using presentation compiler with project's scala-library version: 3.3.6
2025.05.26 08:27:22 INFO  no build target found for /home/lenovo/blogapp/app/controllers/HomeController.scala. Using presentation compiler with project's scala-library version: 3.3.6
2025.05.26 08:27:23 WARN  no build target for: /home/lenovo/blogapp/app/controllers/HomeController.scala
2025.05.26 08:27:23 INFO  no build target found for /home/lenovo/blogapp/app/controllers/HomeController.scala. Using presentation compiler with project's scala-library version: 3.3.6
2025.05.26 08:27:23 INFO  no build target found for /home/lenovo/blogapp/app/controllers/HomeController.scala. Using presentation compiler with project's scala-library version: 3.3.6
2025.05.26 08:27:24 INFO  no build target found for /home/lenovo/blogapp/app/controllers/HomeController.scala. Using presentation compiler with project's scala-library version: 3.3.6
2025.05.26 08:27:24 INFO  no build target found for /home/lenovo/blogapp/app/controllers/HomeController.scala. Using presentation compiler with project's scala-library version: 3.3.6
2025.05.26 08:27:24 INFO  no build target found for /home/lenovo/blogapp/app/controllers/HomeController.scala. Using presentation compiler with project's scala-library version: 3.3.6
2025.05.26 08:27:24 INFO  no build target found for /home/lenovo/blogapp/app/controllers/HomeController.scala. Using presentation compiler with project's scala-library version: 3.3.6
2025.05.26 08:27:24 INFO  no build target found for /home/lenovo/blogapp/app/controllers/HomeController.scala. Using presentation compiler with project's scala-library version: 3.3.6
2025.05.26 08:27:24 INFO  no build target found for /home/lenovo/blogapp/app/controllers/HomeController.scala. Using presentation compiler with project's scala-library version: 3.3.6
2025.05.26 08:27:25 INFO  no build target found for /home/lenovo/blogapp/app/controllers/HomeController.scala. Using presentation compiler with project's scala-library version: 3.3.6
2025.05.26 08:27:25 INFO  no build target found for /home/lenovo/blogapp/app/controllers/HomeController.scala. Using presentation compiler with project's scala-library version: 3.3.6
2025.05.26 08:27:25 WARN  no build target for: /home/lenovo/blogapp/app/controllers/HomeController.scala
2025.05.26 08:27:25 INFO  no build target found for /home/lenovo/blogapp/app/controllers/HomeController.scala. Using presentation compiler with project's scala-library version: 3.3.6
2025.05.26 08:27:25 INFO  no build target found for /home/lenovo/blogapp/app/controllers/HomeController.scala. Using presentation compiler with project's scala-library version: 3.3.6
2025.05.26 08:27:26 INFO  no build target found for /home/lenovo/blogapp/app/controllers/HomeController.scala. Using presentation compiler with project's scala-library version: 3.3.6
2025.05.26 08:27:26 INFO  no build target found for /home/lenovo/blogapp/app/controllers/HomeController.scala. Using presentation compiler with project's scala-library version: 3.3.6
2025.05.26 08:27:26 INFO  no build target found for /home/lenovo/blogapp/app/controllers/HomeController.scala. Using presentation compiler with project's scala-library version: 3.3.6
2025.05.26 08:27:26 INFO  no build target found for /home/lenovo/blogapp/app/controllers/HomeController.scala. Using presentation compiler with project's scala-library version: 3.3.6
2025.05.26 08:27:26 INFO  no build target found for /home/lenovo/blogapp/app/controllers/HomeController.scala. Using presentation compiler with project's scala-library version: 3.3.6
2025.05.26 08:27:27 INFO  no build target found for /home/lenovo/blogapp/app/controllers/HomeController.scala. Using presentation compiler with project's scala-library version: 3.3.6
2025.05.26 08:27:27 WARN  no build target for: /home/lenovo/blogapp/app/controllers/HomeController.scala
2025.05.26 08:27:27 INFO  no build target found for /home/lenovo/blogapp/app/controllers/HomeController.scala. Using presentation compiler with project's scala-library version: 3.3.6
2025.05.26 08:27:27 INFO  no build target found for /home/lenovo/blogapp/app/controllers/HomeController.scala. Using presentation compiler with project's scala-library version: 3.3.6
2025.05.26 08:27:28 INFO  no build target found for /home/lenovo/blogapp/app/controllers/HomeController.scala. Using presentation compiler with project's scala-library version: 3.3.6
2025.05.26 08:27:28 INFO  no build target found for /home/lenovo/blogapp/app/controllers/HomeController.scala. Using presentation compiler with project's scala-library version: 3.3.6
2025.05.26 08:27:28 INFO  no build target found for /home/lenovo/blogapp/app/controllers/HomeController.scala. Using presentation compiler with project's scala-library version: 3.3.6
2025.05.26 08:27:29 INFO  no build target found for /home/lenovo/blogapp/app/controllers/HomeController.scala. Using presentation compiler with project's scala-library version: 3.3.6
2025.05.26 08:27:28 INFO  no build target found for /home/lenovo/blogapp/app/controllers/HomeController.scala. Using presentation compiler with project's scala-library version: 3.3.6
2025.05.26 08:27:29 WARN  no build target for: /home/lenovo/blogapp/app/controllers/HomeController.scala
2025.05.26 08:27:29 INFO  no build target found for /home/lenovo/blogapp/app/controllers/HomeController.scala. Using presentation compiler with project's scala-library version: 3.3.6
2025.05.26 08:27:29 INFO  no build target found for /home/lenovo/blogapp/app/controllers/HomeController.scala. Using presentation compiler with project's scala-library version: 3.3.6
2025.05.26 08:27:30 INFO  no build target found for /home/lenovo/blogapp/app/controllers/HomeController.scala. Using presentation compiler with project's scala-library version: 3.3.6
2025.05.26 08:27:30 INFO  no build target found for /home/lenovo/blogapp/app/controllers/HomeController.scala. Using presentation compiler with project's scala-library version: 3.3.6
2025.05.26 08:27:31 INFO  no build target found for /home/lenovo/blogapp/app/controllers/HomeController.scala. Using presentation compiler with project's scala-library version: 3.3.6
2025.05.26 08:27:32 INFO  no build target found for /home/lenovo/blogapp/app/controllers/HomeController.scala. Using presentation compiler with project's scala-library version: 3.3.6
2025.05.26 08:27:32 INFO  no build target found for /home/lenovo/blogapp/app/controllers/HomeController.scala. Using presentation compiler with project's scala-library version: 3.3.6
2025.05.26 08:27:33 INFO  no build target found for /home/lenovo/blogapp/app/controllers/HomeController.scala. Using presentation compiler with project's scala-library version: 3.3.6
2025.05.26 08:27:33 INFO  no build target found for /home/lenovo/blogapp/app/controllers/HomeController.scala. Using presentation compiler with project's scala-library version: 3.3.6
2025.05.26 08:27:33 WARN  no build target for: /home/lenovo/blogapp/app/controllers/HomeController.scala
2025.05.26 08:27:33 INFO  no build target found for /home/lenovo/blogapp/app/controllers/HomeController.scala. Using presentation compiler with project's scala-library version: 3.3.6
2025.05.26 08:27:33 INFO  no build target found for /home/lenovo/blogapp/app/controllers/HomeController.scala. Using presentation compiler with project's scala-library version: 3.3.6
2025.05.26 08:27:33 INFO  no build target found for /home/lenovo/blogapp/app/controllers/HomeController.scala. Using presentation compiler with project's scala-library version: 3.3.6
2025.05.26 08:27:33 INFO  no build target found for /home/lenovo/blogapp/app/controllers/HomeController.scala. Using presentation compiler with project's scala-library version: 3.3.6
2025.05.26 08:27:35 INFO  no build target found for /home/lenovo/blogapp/app/controllers/HomeController.scala. Using presentation compiler with project's scala-library version: 3.3.6
2025.05.26 08:27:35 INFO  no build target found for /home/lenovo/blogapp/app/controllers/HomeController.scala. Using presentation compiler with project's scala-library version: 3.3.6
2025.05.26 08:27:35 INFO  no build target found for /home/lenovo/blogapp/app/controllers/HomeController.scala. Using presentation compiler with project's scala-library version: 3.3.6
2025.05.26 08:27:36 WARN  no build target for: /home/lenovo/blogapp/app/controllers/HomeController.scala
2025.05.26 08:27:36 INFO  no build target found for /home/lenovo/blogapp/app/controllers/HomeController.scala. Using presentation compiler with project's scala-library version: 3.3.6
2025.05.26 08:27:36 INFO  no build target found for /home/lenovo/blogapp/app/controllers/HomeController.scala. Using presentation compiler with project's scala-library version: 3.3.6
2025.05.26 08:27:36 INFO  no build target found for /home/lenovo/blogapp/app/controllers/HomeController.scala. Using presentation compiler with project's scala-library version: 3.3.6
2025.05.26 08:28:47 WARN  no build target for: /home/lenovo/blogapp/app/controllers/AdminController.scala
2025.05.26 08:28:47 INFO  no build target found for /home/lenovo/blogapp/app/controllers/AdminController.scala. Using presentation compiler with project's scala-library version: 3.3.6
2025.05.26 08:28:47 INFO  no build target found for /home/lenovo/blogapp/app/controllers/AdminController.scala. Using presentation compiler with project's scala-library version: 3.3.6
2025.05.26 08:28:49 INFO  no build target found for /home/lenovo/blogapp/app/controllers/AdminController.scala. Using presentation compiler with project's scala-library version: 3.3.6
2025.05.26 08:28:49 INFO  no build target found for /home/lenovo/blogapp/app/controllers/AdminController.scala. Using presentation compiler with project's scala-library version: 3.3.6
2025.05.26 08:28:50 INFO  no build target found for /home/lenovo/blogapp/app/controllers/AdminController.scala. Using presentation compiler with project's scala-library version: 3.3.6
2025.05.26 08:28:52 INFO  no build target found for /home/lenovo/blogapp/app/controllers/AdminController.scala. Using presentation compiler with project's scala-library version: 3.3.6
2025.05.26 08:28:55 INFO  no build target found for /home/lenovo/blogapp/app/controllers/AdminController.scala. Using presentation compiler with project's scala-library version: 3.3.6
2025.05.26 08:28:55 INFO  no build target found for /home/lenovo/blogapp/app/controllers/AdminController.scala. Using presentation compiler with project's scala-library version: 3.3.6
2025.05.26 08:28:55 INFO  no build target found for /home/lenovo/blogapp/app/controllers/AdminController.scala. Using presentation compiler with project's scala-library version: 3.3.6
2025.05.26 08:28:56 INFO  no build target found for /home/lenovo/blogapp/app/controllers/AdminController.scala. Using presentation compiler with project's scala-library version: 3.3.6
2025.05.26 08:28:56 INFO  no build target found for /home/lenovo/blogapp/app/controllers/AdminController.scala. Using presentation compiler with project's scala-library version: 3.3.6
2025.05.26 08:28:56 INFO  no build target found for /home/lenovo/blogapp/app/controllers/AdminController.scala. Using presentation compiler with project's scala-library version: 3.3.6
2025.05.26 08:28:56 INFO  no build target found for /home/lenovo/blogapp/app/controllers/AdminController.scala. Using presentation compiler with project's scala-library version: 3.3.6
2025.05.26 08:28:58 INFO  no build target found for /home/lenovo/blogapp/app/controllers/AdminController.scala. Using presentation compiler with project's scala-library version: 3.3.6
2025.05.26 08:28:58 INFO  no build target found for /home/lenovo/blogapp/app/controllers/AdminController.scala. Using presentation compiler with project's scala-library version: 3.3.6
2025.05.26 08:28:58 INFO  no build target found for /home/lenovo/blogapp/app/controllers/AdminController.scala. Using presentation compiler with project's scala-library version: 3.3.6
2025.05.26 08:28:58 INFO  no build target found for /home/lenovo/blogapp/app/controllers/AdminController.scala. Using presentation compiler with project's scala-library version: 3.3.6
2025.05.26 08:28:59 INFO  no build target found for /home/lenovo/blogapp/app/controllers/AdminController.scala. Using presentation compiler with project's scala-library version: 3.3.6
2025.05.26 08:29:00 INFO  no build target found for /home/lenovo/blogapp/app/controllers/AdminController.scala. Using presentation compiler with project's scala-library version: 3.3.6
2025.05.26 08:29:01 INFO  no build target found for /home/lenovo/blogapp/app/controllers/AdminController.scala. Using presentation compiler with project's scala-library version: 3.3.6
2025.05.26 08:29:01 INFO  no build target found for /home/lenovo/blogapp/app/controllers/AdminController.scala. Using presentation compiler with project's scala-library version: 3.3.6
2025.05.26 08:29:01 WARN  no build target for: /home/lenovo/blogapp/app/controllers/AdminController.scala
2025.05.26 08:29:01 INFO  no build target found for /home/lenovo/blogapp/app/controllers/AdminController.scala. Using presentation compiler with project's scala-library version: 3.3.6
2025.05.26 08:29:01 INFO  no build target found for /home/lenovo/blogapp/app/controllers/AdminController.scala. Using presentation compiler with project's scala-library version: 3.3.6
2025.05.26 08:29:04 INFO  no build target found for /home/lenovo/blogapp/app/controllers/AdminController.scala. Using presentation compiler with project's scala-library version: 3.3.6
2025.05.26 08:29:04 INFO  no build target found for /home/lenovo/blogapp/app/controllers/AdminController.scala. Using presentation compiler with project's scala-library version: 3.3.6
2025.05.26 08:29:04 INFO  no build target found for /home/lenovo/blogapp/app/controllers/AdminController.scala. Using presentation compiler with project's scala-library version: 3.3.6
2025.05.26 08:29:04 INFO  no build target found for /home/lenovo/blogapp/app/controllers/AdminController.scala. Using presentation compiler with project's scala-library version: 3.3.6
2025.05.26 08:29:04 INFO  no build target found for /home/lenovo/blogapp/app/controllers/AdminController.scala. Using presentation compiler with project's scala-library version: 3.3.6
2025.05.26 08:29:05 WARN  no build target for: /home/lenovo/blogapp/app/controllers/AdminController.scala
2025.05.26 08:29:05 INFO  no build target found for /home/lenovo/blogapp/app/controllers/AdminController.scala. Using presentation compiler with project's scala-library version: 3.3.6
2025.05.26 08:29:05 INFO  no build target found for /home/lenovo/blogapp/app/controllers/AdminController.scala. Using presentation compiler with project's scala-library version: 3.3.6
2025.05.26 08:29:06 INFO  no build target found for /home/lenovo/blogapp/app/controllers/AdminController.scala. Using presentation compiler with project's scala-library version: 3.3.6
2025.05.26 08:29:06 INFO  no build target found for /home/lenovo/blogapp/app/controllers/AdminController.scala. Using presentation compiler with project's scala-library version: 3.3.6
2025.05.26 08:29:06 INFO  no build target found for /home/lenovo/blogapp/app/controllers/AdminController.scala. Using presentation compiler with project's scala-library version: 3.3.6
2025.05.26 08:29:07 INFO  no build target found for /home/lenovo/blogapp/app/controllers/AdminController.scala. Using presentation compiler with project's scala-library version: 3.3.6
2025.05.26 08:29:07 INFO  no build target found for /home/lenovo/blogapp/app/controllers/AdminController.scala. Using presentation compiler with project's scala-library version: 3.3.6
2025.05.26 08:29:09 INFO  no build target found for /home/lenovo/blogapp/app/controllers/AdminController.scala. Using presentation compiler with project's scala-library version: 3.3.6
2025.05.26 08:29:09 INFO  no build target found for /home/lenovo/blogapp/app/controllers/AdminController.scala. Using presentation compiler with project's scala-library version: 3.3.6
2025.05.26 08:29:09 INFO  no build target found for /home/lenovo/blogapp/app/controllers/AdminController.scala. Using presentation compiler with project's scala-library version: 3.3.6
2025.05.26 08:29:09 INFO  no build target found for /home/lenovo/blogapp/app/controllers/AdminController.scala. Using presentation compiler with project's scala-library version: 3.3.6
2025.05.26 08:29:10 WARN  no build target for: /home/lenovo/blogapp/app/controllers/AdminController.scala
2025.05.26 08:29:10 INFO  no build target found for /home/lenovo/blogapp/app/controllers/AdminController.scala. Using presentation compiler with project's scala-library version: 3.3.6
2025.05.26 08:29:10 INFO  no build target found for /home/lenovo/blogapp/app/controllers/AdminController.scala. Using presentation compiler with project's scala-library version: 3.3.6
2025.05.26 08:30:07 INFO  no build target found for /home/lenovo/blogapp/app/controllers/AdminController.scala. Using presentation compiler with project's scala-library version: 3.3.6
2025.05.26 08:30:09 WARN  no build target for: /home/lenovo/blogapp/app/controllers/Auth.scala
2025.05.26 08:30:09 INFO  no build target found for /home/lenovo/blogapp/app/controllers/Auth.scala. Using presentation compiler with project's scala-library version: 3.3.6
2025.05.26 08:30:09 INFO  no build target found for /home/lenovo/blogapp/app/controllers/Auth.scala. Using presentation compiler with project's scala-library version: 3.3.6
2025.05.26 08:30:10 INFO  no build target found for /home/lenovo/blogapp/app/controllers/Auth.scala. Using presentation compiler with project's scala-library version: 3.3.6
2025.05.26 08:30:10 INFO  no build target found for /home/lenovo/blogapp/app/controllers/Auth.scala. Using presentation compiler with project's scala-library version: 3.3.6
2025.05.26 08:30:11 INFO  no build target found for /home/lenovo/blogapp/app/controllers/Auth.scala. Using presentation compiler with project's scala-library version: 3.3.6
2025.05.26 08:30:12 WARN  no build target for: /home/lenovo/blogapp/app/controllers/Auth.scala
2025.05.26 08:30:12 INFO  no build target found for /home/lenovo/blogapp/app/controllers/Auth.scala. Using presentation compiler with project's scala-library version: 3.3.6
2025.05.26 08:30:12 INFO  no build target found for /home/lenovo/blogapp/app/controllers/Auth.scala. Using presentation compiler with project's scala-library version: 3.3.6
2025.05.26 08:30:28 WARN  no build target for: /home/lenovo/blogapp/app/controllers/AdminController.scala
2025.05.26 08:30:28 INFO  no build target found for /home/lenovo/blogapp/app/controllers/AdminController.scala. Using presentation compiler with project's scala-library version: 3.3.6
2025.05.26 08:30:29 INFO  no build target found for /home/lenovo/blogapp/app/controllers/AdminController.scala. Using presentation compiler with project's scala-library version: 3.3.6
2025.05.26 08:30:28 INFO  no build target found for /home/lenovo/blogapp/app/controllers/AdminController.scala. Using presentation compiler with project's scala-library version: 3.3.6
2025.05.26 08:30:28 INFO  no build target found for /home/lenovo/blogapp/app/controllers/AdminController.scala. Using presentation compiler with project's scala-library version: 3.3.6
2025.05.26 08:30:30 INFO  no build target found for /home/lenovo/blogapp/app/controllers/AdminController.scala. Using presentation compiler with project's scala-library version: 3.3.6
2025.05.26 08:30:32 INFO  no build target found for /home/lenovo/blogapp/app/controllers/AdminController.scala. Using presentation compiler with project's scala-library version: 3.3.6
2025.05.26 08:30:33 INFO  no build target found for /home/lenovo/blogapp/app/controllers/AdminController.scala. Using presentation compiler with project's scala-library version: 3.3.6
2025.05.26 08:30:33 INFO  no build target found for /home/lenovo/blogapp/app/controllers/AdminController.scala. Using presentation compiler with project's scala-library version: 3.3.6
2025.05.26 08:30:35 INFO  no build target found for /home/lenovo/blogapp/app/controllers/AdminController.scala. Using presentation compiler with project's scala-library version: 3.3.6
2025.05.26 08:30:35 INFO  no build target found for /home/lenovo/blogapp/app/controllers/AdminController.scala. Using presentation compiler with project's scala-library version: 3.3.6
2025.05.26 08:30:35 INFO  no build target found for /home/lenovo/blogapp/app/controllers/AdminController.scala. Using presentation compiler with project's scala-library version: 3.3.6
2025.05.26 08:30:36 WARN  no build target for: /home/lenovo/blogapp/app/controllers/AdminController.scala
2025.05.26 08:30:36 INFO  no build target found for /home/lenovo/blogapp/app/controllers/AdminController.scala. Using presentation compiler with project's scala-library version: 3.3.6
2025.05.26 08:30:36 INFO  no build target found for /home/lenovo/blogapp/app/controllers/AdminController.scala. Using presentation compiler with project's scala-library version: 3.3.6
2025.05.26 08:32:00 WARN  no build target for: /home/lenovo/blogapp/app/controllers/HomeController.scala
2025.05.26 08:32:00 INFO  no build target found for /home/lenovo/blogapp/app/controllers/HomeController.scala. Using presentation compiler with project's scala-library version: 3.3.6
2025.05.26 08:32:00 INFO  no build target found for /home/lenovo/blogapp/app/controllers/HomeController.scala. Using presentation compiler with project's scala-library version: 3.3.6
2025.05.26 08:32:00 INFO  no build target found for /home/lenovo/blogapp/app/controllers/HomeController.scala. Using presentation compiler with project's scala-library version: 3.3.6
2025.05.26 08:32:05 INFO  no build target found for /home/lenovo/blogapp/app/controllers/HomeController.scala. Using presentation compiler with project's scala-library version: 3.3.6
2025.05.26 08:32:05 INFO  no build target found for /home/lenovo/blogapp/app/controllers/HomeController.scala. Using presentation compiler with project's scala-library version: 3.3.6
2025.05.26 08:32:05 INFO  no build target found for /home/lenovo/blogapp/app/controllers/HomeController.scala. Using presentation compiler with project's scala-library version: 3.3.6
2025.05.26 08:32:07 INFO  no build target found for /home/lenovo/blogapp/app/controllers/HomeController.scala. Using presentation compiler with project's scala-library version: 3.3.6
2025.05.26 08:32:07 INFO  no build target found for /home/lenovo/blogapp/app/controllers/HomeController.scala. Using presentation compiler with project's scala-library version: 3.3.6
2025.05.26 08:32:07 INFO  no build target found for /home/lenovo/blogapp/app/controllers/HomeController.scala. Using presentation compiler with project's scala-library version: 3.3.6
2025.05.26 08:32:07 WARN  no build target for: /home/lenovo/blogapp/app/controllers/HomeController.scala
2025.05.26 08:32:08 INFO  no build target found for /home/lenovo/blogapp/app/controllers/HomeController.scala. Using presentation compiler with project's scala-library version: 3.3.6
2025.05.26 08:32:08 INFO  no build target found for /home/lenovo/blogapp/app/controllers/HomeController.scala. Using presentation compiler with project's scala-library version: 3.3.6
2025.05.26 08:34:30 WARN  no build target for: /home/lenovo/blogapp/app/controllers/AdminController.scala
2025.05.26 08:34:30 INFO  no build target found for /home/lenovo/blogapp/app/controllers/AdminController.scala. Using presentation compiler with project's scala-library version: 3.3.6
2025.05.26 08:34:30 INFO  no build target found for /home/lenovo/blogapp/app/controllers/AdminController.scala. Using presentation compiler with project's scala-library version: 3.3.6
2025.05.26 08:34:30 INFO  no build target found for /home/lenovo/blogapp/app/controllers/AdminController.scala. Using presentation compiler with project's scala-library version: 3.3.6
2025.05.26 08:34:32 INFO  no build target found for /home/lenovo/blogapp/app/controllers/AdminController.scala. Using presentation compiler with project's scala-library version: 3.3.6
2025.05.26 08:34:32 INFO  no build target found for /home/lenovo/blogapp/app/controllers/AdminController.scala. Using presentation compiler with project's scala-library version: 3.3.6
2025.05.26 08:34:32 INFO  no build target found for /home/lenovo/blogapp/app/controllers/AdminController.scala. Using presentation compiler with project's scala-library version: 3.3.6
2025.05.26 08:34:32 INFO  no build target found for /home/lenovo/blogapp/app/controllers/AdminController.scala. Using presentation compiler with project's scala-library version: 3.3.6
2025.05.26 08:34:34 INFO  no build target found for /home/lenovo/blogapp/app/controllers/AdminController.scala. Using presentation compiler with project's scala-library version: 3.3.6
2025.05.26 08:34:35 INFO  no build target found for /home/lenovo/blogapp/app/controllers/AdminController.scala. Using presentation compiler with project's scala-library version: 3.3.6
2025.05.26 08:34:35 INFO  no build target found for /home/lenovo/blogapp/app/controllers/AdminController.scala. Using presentation compiler with project's scala-library version: 3.3.6
2025.05.26 08:34:35 INFO  no build target found for /home/lenovo/blogapp/app/controllers/AdminController.scala. Using presentation compiler with project's scala-library version: 3.3.6
2025.05.26 08:34:36 WARN  no build target for: /home/lenovo/blogapp/app/controllers/AdminController.scala
2025.05.26 08:34:36 INFO  no build target found for /home/lenovo/blogapp/app/controllers/AdminController.scala. Using presentation compiler with project's scala-library version: 3.3.6
2025.05.26 08:36:03 WARN  no build target for: /home/lenovo/blogapp/app/controllers/HomeController.scala
2025.05.26 08:36:03 INFO  no build target found for /home/lenovo/blogapp/app/controllers/HomeController.scala. Using presentation compiler with project's scala-library version: 3.3.6
2025.05.26 08:36:03 INFO  no build target found for /home/lenovo/blogapp/app/controllers/HomeController.scala. Using presentation compiler with project's scala-library version: 3.3.6
2025.05.26 08:36:03 INFO  no build target found for /home/lenovo/blogapp/app/controllers/HomeController.scala. Using presentation compiler with project's scala-library version: 3.3.6
2025.05.26 08:36:05 INFO  no build target found for /home/lenovo/blogapp/app/controllers/HomeController.scala. Using presentation compiler with project's scala-library version: 3.3.6
2025.05.26 08:36:05 INFO  no build target found for /home/lenovo/blogapp/app/controllers/HomeController.scala. Using presentation compiler with project's scala-library version: 3.3.6
2025.05.26 08:36:05 INFO  no build target found for /home/lenovo/blogapp/app/controllers/HomeController.scala. Using presentation compiler with project's scala-library version: 3.3.6
2025.05.26 08:36:06 INFO  no build target found for /home/lenovo/blogapp/app/controllers/HomeController.scala. Using presentation compiler with project's scala-library version: 3.3.6
2025.05.26 08:36:06 INFO  no build target found for /home/lenovo/blogapp/app/controllers/HomeController.scala. Using presentation compiler with project's scala-library version: 3.3.6
2025.05.26 08:36:07 INFO  no build target found for /home/lenovo/blogapp/app/controllers/HomeController.scala. Using presentation compiler with project's scala-library version: 3.3.6
2025.05.26 08:36:09 INFO  no build target found for /home/lenovo/blogapp/app/controllers/HomeController.scala. Using presentation compiler with project's scala-library version: 3.3.6
2025.05.26 08:36:09 INFO  no build target found for /home/lenovo/blogapp/app/controllers/HomeController.scala. Using presentation compiler with project's scala-library version: 3.3.6
2025.05.26 08:36:09 INFO  no build target found for /home/lenovo/blogapp/app/controllers/HomeController.scala. Using presentation compiler with project's scala-library version: 3.3.6
2025.05.26 08:36:10 WARN  no build target for: /home/lenovo/blogapp/app/controllers/HomeController.scala
2025.05.26 08:36:10 INFO  no build target found for /home/lenovo/blogapp/app/controllers/HomeController.scala. Using presentation compiler with project's scala-library version: 3.3.6
2025.05.26 08:57:50 WARN  no build target for: /home/lenovo/blogapp/app/models/User.scala
2025.05.26 08:57:50 INFO  no build target found for /home/lenovo/blogapp/app/models/User.scala. Using presentation compiler with project's scala-library version: 3.3.6
2025.05.26 08:57:50 INFO  no build target found for /home/lenovo/blogapp/app/models/User.scala. Using presentation compiler with project's scala-library version: 3.3.6
2025.05.26 08:57:54 INFO  no build target found for /home/lenovo/blogapp/app/models/User.scala. Using presentation compiler with project's scala-library version: 3.3.6
2025.05.26 08:57:56 WARN  no build target for: /home/lenovo/blogapp/app/controllers/Auth.scala
2025.05.26 08:57:56 INFO  no build target found for /home/lenovo/blogapp/app/controllers/Auth.scala. Using presentation compiler with project's scala-library version: 3.3.6
2025.05.26 08:57:56 INFO  no build target found for /home/lenovo/blogapp/app/controllers/Auth.scala. Using presentation compiler with project's scala-library version: 3.3.6
2025.05.26 08:58:04 INFO  no build target found for /home/lenovo/blogapp/app/controllers/Auth.scala. Using presentation compiler with project's scala-library version: 3.3.6
2025.05.26 08:58:08 INFO  no build target found for /home/lenovo/blogapp/app/controllers/AdminController.scala. Using presentation compiler with project's scala-library version: 3.3.6
2025.05.26 08:58:31 WARN  no build target for: /home/lenovo/blogapp/app/controllers/HomeController.scala
2025.05.26 08:58:31 INFO  no build target found for /home/lenovo/blogapp/app/controllers/HomeController.scala. Using presentation compiler with project's scala-library version: 3.3.6
2025.05.26 08:58:32 INFO  no build target found for /home/lenovo/blogapp/app/controllers/HomeController.scala. Using presentation compiler with project's scala-library version: 3.3.6
2025.05.26 08:58:33 INFO  no build target found for /home/lenovo/blogapp/app/controllers/HomeController.scala. Using presentation compiler with project's scala-library version: 3.3.6
2025.05.26 08:58:34 INFO  no build target found for /home/lenovo/blogapp/app/controllers/HomeController.scala. Using presentation compiler with project's scala-library version: 3.3.6
2025.05.26 08:58:34 INFO  no build target found for /home/lenovo/blogapp/app/controllers/HomeController.scala. Using presentation compiler with project's scala-library version: 3.3.6
2025.05.26 08:58:35 INFO  no build target found for /home/lenovo/blogapp/app/controllers/HomeController.scala. Using presentation compiler with project's scala-library version: 3.3.6
2025.05.26 08:58:35 INFO  no build target found for /home/lenovo/blogapp/app/controllers/HomeController.scala. Using presentation compiler with project's scala-library version: 3.3.6
2025.05.26 08:58:35 INFO  no build target found for /home/lenovo/blogapp/app/controllers/HomeController.scala. Using presentation compiler with project's scala-library version: 3.3.6
2025.05.26 08:58:36 WARN  no build target for: /home/lenovo/blogapp/app/controllers/HomeController.scala
2025.05.26 08:58:36 INFO  no build target found for /home/lenovo/blogapp/app/controllers/HomeController.scala. Using presentation compiler with project's scala-library version: 3.3.6
2025.05.26 09:01:50 INFO  no build target found for /home/lenovo/blogapp/app/models/BlogPost.scala. Using presentation compiler with project's scala-library version: 3.3.6
2025.05.26 09:01:50 INFO  no build target found for /home/lenovo/blogapp/app/models/BlogPost.scala. Using presentation compiler with project's scala-library version: 3.3.6
2025.05.26 09:01:50 INFO  no build target found for /home/lenovo/blogapp/app/models/BlogPost.scala. Using presentation compiler with project's scala-library version: 3.3.6
2025.05.26 09:01:57 INFO  no build target found for /home/lenovo/blogapp/app/models/BlogPost.scala. Using presentation compiler with project's scala-library version: 3.3.6
2025.05.26 09:01:58 INFO  no build target found for /home/lenovo/blogapp/app/models/BlogPost.scala. Using presentation compiler with project's scala-library version: 3.3.6
2025.05.26 09:02:00 INFO  no build target found for /home/lenovo/blogapp/app/models/BlogPost.scala. Using presentation compiler with project's scala-library version: 3.3.6
2025.05.26 09:02:00 INFO  no build target found for /home/lenovo/blogapp/app/models/BlogPost.scala. Using presentation compiler with project's scala-library version: 3.3.6
2025.05.26 09:02:00 INFO  no build target found for /home/lenovo/blogapp/app/models/BlogPost.scala. Using presentation compiler with project's scala-library version: 3.3.6
2025.05.26 09:02:00 INFO  no build target found for /home/lenovo/blogapp/app/models/BlogPost.scala. Using presentation compiler with project's scala-library version: 3.3.6
2025.05.26 09:02:01 INFO  no build target found for /home/lenovo/blogapp/app/models/BlogPost.scala. Using presentation compiler with project's scala-library version: 3.3.6
2025.05.26 09:02:01 INFO  no build target found for /home/lenovo/blogapp/app/models/BlogPost.scala. Using presentation compiler with project's scala-library version: 3.3.6
2025.05.26 09:02:02 WARN  no build target for: /home/lenovo/blogapp/app/models/BlogPost.scala
2025.05.26 09:02:02 INFO  no build target found for /home/lenovo/blogapp/app/models/BlogPost.scala. Using presentation compiler with project's scala-library version: 3.3.6
2025.05.26 09:02:01 INFO  no build target found for /home/lenovo/blogapp/app/models/BlogPost.scala. Using presentation compiler with project's scala-library version: 3.3.6
2025.05.26 09:02:03 INFO  no build target found for /home/lenovo/blogapp/app/models/BlogPost.scala. Using presentation compiler with project's scala-library version: 3.3.6
2025.05.26 09:02:13 WARN  no build target for: /home/lenovo/blogapp/app/controllers/HomeController.scala
2025.05.26 09:02:13 INFO  no build target found for /home/lenovo/blogapp/app/controllers/HomeController.scala. Using presentation compiler with project's scala-library version: 3.3.6
2025.05.26 09:02:13 INFO  no build target found for /home/lenovo/blogapp/app/controllers/HomeController.scala. Using presentation compiler with project's scala-library version: 3.3.6
2025.05.26 09:02:13 INFO  no build target found for /home/lenovo/blogapp/app/controllers/HomeController.scala. Using presentation compiler with project's scala-library version: 3.3.6
2025.05.26 09:02:13 INFO  no build target found for /home/lenovo/blogapp/app/controllers/HomeController.scala. Using presentation compiler with project's scala-library version: 3.3.6
2025.05.26 09:02:14 INFO  no build target found for /home/lenovo/blogapp/app/controllers/HomeController.scala. Using presentation compiler with project's scala-library version: 3.3.6
2025.05.26 09:02:14 INFO  no build target found for /home/lenovo/blogapp/app/controllers/HomeController.scala. Using presentation compiler with project's scala-library version: 3.3.6
2025.05.26 09:02:14 INFO  no build target found for /home/lenovo/blogapp/app/controllers/HomeController.scala. Using presentation compiler with project's scala-library version: 3.3.6
2025.05.26 09:02:15 INFO  no build target found for /home/lenovo/blogapp/app/controllers/HomeController.scala. Using presentation compiler with project's scala-library version: 3.3.6
2025.05.26 09:02:16 INFO  no build target found for /home/lenovo/blogapp/app/controllers/HomeController.scala. Using presentation compiler with project's scala-library version: 3.3.6
2025.05.26 09:02:15 INFO  no build target found for /home/lenovo/blogapp/app/controllers/HomeController.scala. Using presentation compiler with project's scala-library version: 3.3.6
2025.05.26 09:02:17 INFO  no build target found for /home/lenovo/blogapp/app/controllers/HomeController.scala. Using presentation compiler with project's scala-library version: 3.3.6
2025.05.26 09:02:17 WARN  no build target for: /home/lenovo/blogapp/app/controllers/HomeController.scala
2025.05.26 09:02:17 INFO  no build target found for /home/lenovo/blogapp/app/controllers/HomeController.scala. Using presentation compiler with project's scala-library version: 3.3.6
2025.05.26 09:07:04 WARN  no build target for: /home/lenovo/blogapp/app/controllers/HomeController.scala
2025.05.26 09:07:04 INFO  no build target found for /home/lenovo/blogapp/app/controllers/HomeController.scala. Using presentation compiler with project's scala-library version: 3.3.6
2025.05.26 09:07:04 INFO  no build target found for /home/lenovo/blogapp/app/controllers/HomeController.scala. Using presentation compiler with project's scala-library version: 3.3.6
2025.05.26 09:07:14 INFO  no build target found for /home/lenovo/blogapp/app/controllers/HomeController.scala. Using presentation compiler with project's scala-library version: 3.3.6
2025.05.26 09:07:14 INFO  no build target found for /home/lenovo/blogapp/app/controllers/HomeController.scala. Using presentation compiler with project's scala-library version: 3.3.6
2025.05.26 09:07:14 INFO  no build target found for /home/lenovo/blogapp/app/controllers/HomeController.scala. Using presentation compiler with project's scala-library version: 3.3.6
2025.05.26 09:07:15 INFO  no build target found for /home/lenovo/blogapp/app/controllers/HomeController.scala. Using presentation compiler with project's scala-library version: 3.3.6
May 26, 2025 9:07:15 AM scala.meta.internal.metals.StdReporter $anonfun$create$1
WARNING: empty definition using pc, found symbol in pc: `<none>`. (full report at: /home/lenovo/blogapp/.metals/.reports/metals-full/2025-05-26/r_empty-definition_09-07-15-843.md)
2025.05.26 09:07:16 INFO  no build target found for /home/lenovo/blogapp/app/controllers/HomeController.scala. Using presentation compiler with project's scala-library version: 3.3.6
2025.05.26 09:07:25 WARN  no build target for: /home/lenovo/blogapp/app/models/BlogPost.scala
2025.05.26 09:07:25 INFO  no build target found for /home/lenovo/blogapp/app/models/BlogPost.scala. Using presentation compiler with project's scala-library version: 3.3.6
2025.05.26 09:07:25 INFO  no build target found for /home/lenovo/blogapp/app/models/BlogPost.scala. Using presentation compiler with project's scala-library version: 3.3.6
2025.05.26 09:07:36 INFO  no build target found for /home/lenovo/blogapp/app/models/BlogPost.scala. Using presentation compiler with project's scala-library version: 3.3.6
2025.05.26 09:10:13 WARN  no build target for: /home/lenovo/blogapp/build.sbt
2025.05.26 09:10:13 INFO  no build target found for /home/lenovo/blogapp/build.sbt. Using presentation compiler with project's scala-library version: 3.3.6
2025.05.26 09:10:13 INFO  no build target found for /home/lenovo/blogapp/build.sbt. Using presentation compiler with project's scala-library version: 3.3.6
2025.05.26 09:10:23 INFO  no build target found for /home/lenovo/blogapp/build.sbt. Using presentation compiler with project's scala-library version: 3.3.6
2025.05.26 09:11:21 INFO  no build target found for /home/lenovo/blogapp/build.sbt. Using presentation compiler with project's scala-library version: 3.3.6
2025.05.26 09:11:21 INFO  no build target found for /home/lenovo/blogapp/build.sbt. Using presentation compiler with project's scala-library version: 3.3.6
2025.05.26 09:12:09 INFO  no build target found for /home/lenovo/blogapp/build.sbt. Using presentation compiler with project's scala-library version: 3.3.6
2025.05.26 09:13:30 INFO  no build target found for /home/lenovo/blogapp/build.sbt. Using presentation compiler with project's scala-library version: 3.3.6
2025.05.26 09:13:30 INFO  no build target found for /home/lenovo/blogapp/build.sbt. Using presentation compiler with project's scala-library version: 3.3.6
2025.05.26 09:13:32 INFO  no build target found for /home/lenovo/blogapp/build.sbt. Using presentation compiler with project's scala-library version: 3.3.6
2025.05.26 09:13:32 INFO  no build target found for /home/lenovo/blogapp/build.sbt. Using presentation compiler with project's scala-library version: 3.3.6
2025.05.26 09:13:34 WARN  no build target for: /home/lenovo/blogapp/build.sbt
2025.05.26 09:13:34 INFO  no build target found for /home/lenovo/blogapp/build.sbt. Using presentation compiler with project's scala-library version: 3.3.6
2025.05.26 09:13:34 INFO  no build target found for /home/lenovo/blogapp/build.sbt. Using presentation compiler with project's scala-library version: 3.3.6
2025.05.26 09:13:34 INFO  no build target found for /home/lenovo/blogapp/build.sbt. Using presentation compiler with project's scala-library version: 3.3.6
2025.05.26 09:13:34 INFO  no build target found for /home/lenovo/blogapp/build.sbt. Using presentation compiler with project's scala-library version: 3.3.6
2025.05.26 09:13:34 INFO  no build target found for /home/lenovo/blogapp/build.sbt. Using presentation compiler with project's scala-library version: 3.3.6
2025.05.26 09:13:35 INFO  no build target found for /home/lenovo/blogapp/build.sbt. Using presentation compiler with project's scala-library version: 3.3.6
2025.05.26 09:15:03 WARN  no build target for: /home/lenovo/blogapp/app/models/BlogPost.scala
2025.05.26 09:15:03 INFO  no build target found for /home/lenovo/blogapp/app/models/BlogPost.scala. Using presentation compiler with project's scala-library version: 3.3.6
2025.05.26 09:15:03 INFO  no build target found for /home/lenovo/blogapp/app/models/BlogPost.scala. Using presentation compiler with project's scala-library version: 3.3.6
2025.05.26 09:15:03 INFO  no build target found for /home/lenovo/blogapp/app/models/BlogPost.scala. Using presentation compiler with project's scala-library version: 3.3.6
2025.05.26 09:15:03 INFO  no build target found for /home/lenovo/blogapp/app/models/BlogPost.scala. Using presentation compiler with project's scala-library version: 3.3.6
2025.05.26 09:15:05 INFO  no build target found for /home/lenovo/blogapp/app/models/BlogPost.scala. Using presentation compiler with project's scala-library version: 3.3.6
2025.05.26 09:15:34 INFO  no build target found for /home/lenovo/blogapp/app/models/BlogPost.scala. Using presentation compiler with project's scala-library version: 3.3.6
2025.05.26 09:15:34 INFO  no build target found for /home/lenovo/blogapp/app/models/BlogPost.scala. Using presentation compiler with project's scala-library version: 3.3.6
2025.05.26 09:15:35 WARN  no build target for: /home/lenovo/blogapp/app/models/BlogPost.scala
2025.05.26 09:15:34 INFO  no build target found for /home/lenovo/blogapp/app/models/BlogPost.scala. Using presentation compiler with project's scala-library version: 3.3.6
2025.05.26 09:15:35 INFO  no build target found for /home/lenovo/blogapp/app/models/BlogPost.scala. Using presentation compiler with project's scala-library version: 3.3.6
2025.05.26 09:16:02 WARN  no build target for: /home/lenovo/blogapp/app/controllers/HomeController.scala
2025.05.26 09:16:02 INFO  no build target found for /home/lenovo/blogapp/app/controllers/HomeController.scala. Using presentation compiler with project's scala-library version: 3.3.6
2025.05.26 09:16:02 INFO  no build target found for /home/lenovo/blogapp/app/controllers/HomeController.scala. Using presentation compiler with project's scala-library version: 3.3.6
2025.05.26 09:16:02 INFO  no build target found for /home/lenovo/blogapp/app/controllers/HomeController.scala. Using presentation compiler with project's scala-library version: 3.3.6
2025.05.26 09:16:02 INFO  no build target found for /home/lenovo/blogapp/app/controllers/HomeController.scala. Using presentation compiler with project's scala-library version: 3.3.6
2025.05.26 09:16:03 INFO  no build target found for /home/lenovo/blogapp/app/controllers/HomeController.scala. Using presentation compiler with project's scala-library version: 3.3.6
2025.05.26 09:16:03 INFO  no build target found for /home/lenovo/blogapp/app/controllers/HomeController.scala. Using presentation compiler with project's scala-library version: 3.3.6
2025.05.26 09:16:04 INFO  no build target found for /home/lenovo/blogapp/app/controllers/HomeController.scala. Using presentation compiler with project's scala-library version: 3.3.6
2025.05.26 09:16:05 INFO  no build target found for /home/lenovo/blogapp/app/controllers/HomeController.scala. Using presentation compiler with project's scala-library version: 3.3.6
2025.05.26 09:16:05 WARN  no build target for: /home/lenovo/blogapp/app/controllers/HomeController.scala
2025.05.26 09:16:05 INFO  no build target found for /home/lenovo/blogapp/app/controllers/HomeController.scala. Using presentation compiler with project's scala-library version: 3.3.6
2025.05.26 09:17:55 WARN  no build target for: /home/lenovo/blogapp/build.sbt
2025.05.26 09:17:55 INFO  no build target found for /home/lenovo/blogapp/build.sbt. Using presentation compiler with project's scala-library version: 3.3.6
2025.05.26 09:17:55 INFO  no build target found for /home/lenovo/blogapp/build.sbt. Using presentation compiler with project's scala-library version: 3.3.6
2025.05.26 09:17:55 INFO  no build target found for /home/lenovo/blogapp/build.sbt. Using presentation compiler with project's scala-library version: 3.3.6
2025.05.26 09:17:58 INFO  no build target found for /home/lenovo/blogapp/build.sbt. Using presentation compiler with project's scala-library version: 3.3.6
2025.05.26 09:17:58 INFO  no build target found for /home/lenovo/blogapp/build.sbt. Using presentation compiler with project's scala-library version: 3.3.6
2025.05.26 09:17:59 INFO  no build target found for /home/lenovo/blogapp/build.sbt. Using presentation compiler with project's scala-library version: 3.3.6
2025.05.26 09:17:59 INFO  no build target found for /home/lenovo/blogapp/build.sbt. Using presentation compiler with project's scala-library version: 3.3.6
2025.05.26 09:17:59 WARN  no build target for: /home/lenovo/blogapp/build.sbt
2025.05.26 09:17:59 INFO  no build target found for /home/lenovo/blogapp/build.sbt. Using presentation compiler with project's scala-library version: 3.3.6
2025.05.26 09:18:00 INFO  no build target found for /home/lenovo/blogapp/build.sbt. Using presentation compiler with project's scala-library version: 3.3.6
2025.05.26 09:18:36 INFO  no build target found for /home/lenovo/blogapp/build.sbt. Using presentation compiler with project's scala-library version: 3.3.6
2025.05.26 09:18:36 INFO  no build target found for /home/lenovo/blogapp/build.sbt. Using presentation compiler with project's scala-library version: 3.3.6
2025.05.26 09:18:36 INFO  no build target found for /home/lenovo/blogapp/build.sbt. Using presentation compiler with project's scala-library version: 3.3.6
2025.05.26 09:18:37 INFO  no build target found for /home/lenovo/blogapp/build.sbt. Using presentation compiler with project's scala-library version: 3.3.6
2025.05.26 09:18:37 WARN  no build target for: /home/lenovo/blogapp/build.sbt
2025.05.26 09:18:37 INFO  no build target found for /home/lenovo/blogapp/build.sbt. Using presentation compiler with project's scala-library version: 3.3.6
2025.05.26 09:18:37 INFO  no build target found for /home/lenovo/blogapp/build.sbt. Using presentation compiler with project's scala-library version: 3.3.6
2025.05.26 09:20:40 INFO  no build target found for /home/lenovo/blogapp/build.sbt. Using presentation compiler with project's scala-library version: 3.3.6
2025.05.26 09:20:40 INFO  no build target found for /home/lenovo/blogapp/build.sbt. Using presentation compiler with project's scala-library version: 3.3.6
2025.05.26 09:20:40 INFO  no build target found for /home/lenovo/blogapp/build.sbt. Using presentation compiler with project's scala-library version: 3.3.6
2025.05.26 09:20:41 INFO  no build target found for /home/lenovo/blogapp/build.sbt. Using presentation compiler with project's scala-library version: 3.3.6
2025.05.26 09:20:41 WARN  no build target for: /home/lenovo/blogapp/build.sbt
2025.05.26 09:20:41 INFO  no build target found for /home/lenovo/blogapp/build.sbt. Using presentation compiler with project's scala-library version: 3.3.6
2025.05.26 09:20:41 INFO  no build target found for /home/lenovo/blogapp/build.sbt. Using presentation compiler with project's scala-library version: 3.3.6
2025.05.26 09:21:42 WARN  no build target for: /home/lenovo/blogapp/app/models/BlogPost.scala
2025.05.26 09:21:42 INFO  no build target found for /home/lenovo/blogapp/app/models/BlogPost.scala. Using presentation compiler with project's scala-library version: 3.3.6
2025.05.26 09:21:42 INFO  no build target found for /home/lenovo/blogapp/app/models/BlogPost.scala. Using presentation compiler with project's scala-library version: 3.3.6
2025.05.26 09:21:42 INFO  no build target found for /home/lenovo/blogapp/app/models/BlogPost.scala. Using presentation compiler with project's scala-library version: 3.3.6
2025.05.26 09:21:50 INFO  no build target found for /home/lenovo/blogapp/app/models/BlogPost.scala. Using presentation compiler with project's scala-library version: 3.3.6
2025.05.26 09:21:50 INFO  no build target found for /home/lenovo/blogapp/app/models/BlogPost.scala. Using presentation compiler with project's scala-library version: 3.3.6
2025.05.26 09:21:51 INFO  no build target found for /home/lenovo/blogapp/app/models/BlogPost.scala. Using presentation compiler with project's scala-library version: 3.3.6
2025.05.26 09:21:51 INFO  no build target found for /home/lenovo/blogapp/app/models/BlogPost.scala. Using presentation compiler with project's scala-library version: 3.3.6
2025.05.26 09:21:51 WARN  no build target for: /home/lenovo/blogapp/app/models/BlogPost.scala
2025.05.26 09:21:51 INFO  no build target found for /home/lenovo/blogapp/app/models/BlogPost.scala. Using presentation compiler with project's scala-library version: 3.3.6
2025.05.26 09:21:53 INFO  no build target found for /home/lenovo/blogapp/app/models/BlogPost.scala. Using presentation compiler with project's scala-library version: 3.3.6
2025.05.26 09:21:53 INFO  no build target found for /home/lenovo/blogapp/app/models/BlogPost.scala. Using presentation compiler with project's scala-library version: 3.3.6
2025.05.26 09:21:53 INFO  no build target found for /home/lenovo/blogapp/app/models/BlogPost.scala. Using presentation compiler with project's scala-library version: 3.3.6
2025.05.26 09:21:53 INFO  no build target found for /home/lenovo/blogapp/app/models/BlogPost.scala. Using presentation compiler with project's scala-library version: 3.3.6
2025.05.26 09:21:54 WARN  no build target for: /home/lenovo/blogapp/app/models/BlogPost.scala
2025.05.26 09:21:54 INFO  no build target found for /home/lenovo/blogapp/app/models/BlogPost.scala. Using presentation compiler with project's scala-library version: 3.3.6
2025.05.26 09:25:31 WARN  no build target for: /home/lenovo/blogapp/app/controllers/HomeController.scala
2025.05.26 09:25:31 INFO  no build target found for /home/lenovo/blogapp/app/controllers/HomeController.scala. Using presentation compiler with project's scala-library version: 3.3.6
2025.05.26 09:25:31 INFO  no build target found for /home/lenovo/blogapp/app/controllers/HomeController.scala. Using presentation compiler with project's scala-library version: 3.3.6
2025.05.26 09:25:32 INFO  no build target found for /home/lenovo/blogapp/app/controllers/HomeController.scala. Using presentation compiler with project's scala-library version: 3.3.6
2025.05.26 09:25:32 INFO  no build target found for /home/lenovo/blogapp/app/controllers/HomeController.scala. Using presentation compiler with project's scala-library version: 3.3.6
2025.05.26 09:25:33 INFO  no build target found for /home/lenovo/blogapp/app/controllers/HomeController.scala. Using presentation compiler with project's scala-library version: 3.3.6
2025.05.26 09:25:34 INFO  no build target found for /home/lenovo/blogapp/app/controllers/HomeController.scala. Using presentation compiler with project's scala-library version: 3.3.6
2025.05.26 09:25:35 INFO  no build target found for /home/lenovo/blogapp/app/controllers/HomeController.scala. Using presentation compiler with project's scala-library version: 3.3.6
2025.05.26 09:25:35 INFO  no build target found for /home/lenovo/blogapp/app/controllers/HomeController.scala. Using presentation compiler with project's scala-library version: 3.3.6
2025.05.26 09:25:35 WARN  no build target for: /home/lenovo/blogapp/app/controllers/HomeController.scala
2025.05.26 09:25:35 INFO  no build target found for /home/lenovo/blogapp/app/controllers/HomeController.scala. Using presentation compiler with project's scala-library version: 3.3.6
2025.05.26 09:27:31 WARN  no build target for: /home/lenovo/blogapp/app/models/BlogPost.scala
2025.05.26 09:27:31 INFO  no build target found for /home/lenovo/blogapp/app/models/BlogPost.scala. Using presentation compiler with project's scala-library version: 3.3.6
2025.05.26 09:27:31 INFO  no build target found for /home/lenovo/blogapp/app/models/BlogPost.scala. Using presentation compiler with project's scala-library version: 3.3.6
2025.05.26 09:27:33 INFO  no build target found for /home/lenovo/blogapp/app/models/BlogPost.scala. Using presentation compiler with project's scala-library version: 3.3.6
2025.05.26 09:27:33 INFO  no build target found for /home/lenovo/blogapp/app/models/BlogPost.scala. Using presentation compiler with project's scala-library version: 3.3.6
2025.05.26 09:29:22 INFO  no build target found for /home/lenovo/blogapp/app/models/BlogRepo.scala. Using presentation compiler with project's scala-library version: 3.3.6
2025.05.26 09:29:22 WARN  Could not find semantic tokens for: file:///home/lenovo/blogapp/app/models/BlogRepo.scala
2025.05.26 09:29:31 INFO  no build target found for /home/lenovo/blogapp/app/models/BlogRepo.scala. Using presentation compiler with project's scala-library version: 3.3.6
2025.05.26 09:29:31 INFO  no build target found for /home/lenovo/blogapp/app/models/BlogRepo.scala. Using presentation compiler with project's scala-library version: 3.3.6
2025.05.26 09:29:32 INFO  no build target found for /home/lenovo/blogapp/app/models/BlogRepo.scala. Using presentation compiler with project's scala-library version: 3.3.6
2025.05.26 09:29:32 WARN  no build target for: /home/lenovo/blogapp/app/models/BlogRepo.scala
2025.05.26 09:29:32 INFO  no build target found for /home/lenovo/blogapp/app/models/BlogRepo.scala. Using presentation compiler with project's scala-library version: 3.3.6
2025.05.26 09:29:45 WARN  no build target for: /home/lenovo/blogapp/app/models/BlogPost.scala
2025.05.26 09:29:45 INFO  no build target found for /home/lenovo/blogapp/app/models/BlogPost.scala. Using presentation compiler with project's scala-library version: 3.3.6
2025.05.26 09:29:45 INFO  no build target found for /home/lenovo/blogapp/app/models/BlogPost.scala. Using presentation compiler with project's scala-library version: 3.3.6
2025.05.26 09:29:45 INFO  no build target found for /home/lenovo/blogapp/app/models/BlogPost.scala. Using presentation compiler with project's scala-library version: 3.3.6
2025.05.26 09:29:48 INFO  no build target found for /home/lenovo/blogapp/app/models/BlogPost.scala. Using presentation compiler with project's scala-library version: 3.3.6
2025.05.26 09:29:48 INFO  no build target found for /home/lenovo/blogapp/app/models/BlogPost.scala. Using presentation compiler with project's scala-library version: 3.3.6
2025.05.26 09:29:49 INFO  no build target found for /home/lenovo/blogapp/app/models/BlogPost.scala. Using presentation compiler with project's scala-library version: 3.3.6
2025.05.26 09:29:50 INFO  no build target found for /home/lenovo/blogapp/app/models/BlogPost.scala. Using presentation compiler with project's scala-library version: 3.3.6
2025.05.26 09:29:50 WARN  no build target for: /home/lenovo/blogapp/app/models/BlogPost.scala
2025.05.26 09:29:49 INFO  no build target found for /home/lenovo/blogapp/app/models/BlogPost.scala. Using presentation compiler with project's scala-library version: 3.3.6
2025.05.26 09:29:53 WARN  no build target for: /home/lenovo/blogapp/app/models/BlogRepo.scala
2025.05.26 09:29:53 INFO  no build target found for /home/lenovo/blogapp/app/models/BlogRepo.scala. Using presentation compiler with project's scala-library version: 3.3.6
2025.05.26 09:29:53 INFO  no build target found for /home/lenovo/blogapp/app/models/BlogRepo.scala. Using presentation compiler with project's scala-library version: 3.3.6
2025.05.26 09:30:48 INFO  no build target found for /home/lenovo/blogapp/app/models/BlogRepo.scala. Using presentation compiler with project's scala-library version: 3.3.6
2025.05.26 09:30:48 WARN  no build target for: /home/lenovo/blogapp/app/models/BlogRepo.scala
2025.05.26 09:30:48 INFO  no build target found for /home/lenovo/blogapp/app/models/BlogRepo.scala. Using presentation compiler with project's scala-library version: 3.3.6
2025.05.26 09:30:48 INFO  no build target found for /home/lenovo/blogapp/app/models/BlogRepo.scala. Using presentation compiler with project's scala-library version: 3.3.6
2025.05.26 09:30:54 INFO  no build target found for /home/lenovo/blogapp/app/models/BlogRepo.scala. Using presentation compiler with project's scala-library version: 3.3.6
2025.05.26 09:30:54 INFO  no build target found for /home/lenovo/blogapp/app/models/BlogRepo.scala. Using presentation compiler with project's scala-library version: 3.3.6
2025.05.26 09:30:54 INFO  no build target found for /home/lenovo/blogapp/app/models/BlogRepo.scala. Using presentation compiler with project's scala-library version: 3.3.6
2025.05.26 09:30:54 INFO  no build target found for /home/lenovo/blogapp/app/models/BlogRepo.scala. Using presentation compiler with project's scala-library version: 3.3.6
2025.05.26 09:30:54 INFO  no build target found for /home/lenovo/blogapp/app/models/BlogRepo.scala. Using presentation compiler with project's scala-library version: 3.3.6
2025.05.26 09:30:55 INFO  no build target found for /home/lenovo/blogapp/app/models/BlogRepo.scala. Using presentation compiler with project's scala-library version: 3.3.6
2025.05.26 09:30:55 INFO  no build target found for /home/lenovo/blogapp/app/models/BlogRepo.scala. Using presentation compiler with project's scala-library version: 3.3.6
2025.05.26 09:30:55 INFO  no build target found for /home/lenovo/blogapp/app/models/BlogRepo.scala. Using presentation compiler with project's scala-library version: 3.3.6
May 26, 2025 9:30:56 AM scala.meta.internal.metals.StdReporter $anonfun$create$1
WARNING: empty definition using pc, found symbol in pc: `<none>`. (full report at: /home/lenovo/blogapp/.metals/.reports/metals-full/2025-05-26/r_empty-definition_09-30-56-056.md)
2025.05.26 09:30:56 INFO  no build target found for /home/lenovo/blogapp/app/models/BlogRepo.scala. Using presentation compiler with project's scala-library version: 3.3.6
2025.05.26 09:30:56 INFO  no build target found for /home/lenovo/blogapp/app/models/BlogRepo.scala. Using presentation compiler with project's scala-library version: 3.3.6
2025.05.26 09:30:57 INFO  no build target found for /home/lenovo/blogapp/app/models/BlogRepo.scala. Using presentation compiler with project's scala-library version: 3.3.6
2025.05.26 09:30:57 WARN  no build target for: /home/lenovo/blogapp/app/models/BlogRepo.scala
2025.05.26 09:30:57 INFO  no build target found for /home/lenovo/blogapp/app/models/BlogRepo.scala. Using presentation compiler with project's scala-library version: 3.3.6
2025.05.26 09:31:15 WARN  no build target for: /home/lenovo/blogapp/app/controllers/HomeController.scala
2025.05.26 09:31:15 INFO  no build target found for /home/lenovo/blogapp/app/controllers/HomeController.scala. Using presentation compiler with project's scala-library version: 3.3.6
2025.05.26 09:31:15 INFO  no build target found for /home/lenovo/blogapp/app/controllers/HomeController.scala. Using presentation compiler with project's scala-library version: 3.3.6
2025.05.26 09:31:15 INFO  no build target found for /home/lenovo/blogapp/app/controllers/HomeController.scala. Using presentation compiler with project's scala-library version: 3.3.6
2025.05.26 09:31:16 INFO  no build target found for /home/lenovo/blogapp/app/controllers/HomeController.scala. Using presentation compiler with project's scala-library version: 3.3.6
2025.05.26 09:31:16 INFO  no build target found for /home/lenovo/blogapp/app/controllers/HomeController.scala. Using presentation compiler with project's scala-library version: 3.3.6
2025.05.26 09:31:16 INFO  no build target found for /home/lenovo/blogapp/app/controllers/HomeController.scala. Using presentation compiler with project's scala-library version: 3.3.6
2025.05.26 09:31:18 INFO  no build target found for /home/lenovo/blogapp/app/controllers/HomeController.scala. Using presentation compiler with project's scala-library version: 3.3.6
2025.05.26 09:31:19 INFO  no build target found for /home/lenovo/blogapp/app/controllers/HomeController.scala. Using presentation compiler with project's scala-library version: 3.3.6
2025.05.26 09:31:19 INFO  no build target found for /home/lenovo/blogapp/app/controllers/HomeController.scala. Using presentation compiler with project's scala-library version: 3.3.6
2025.05.26 09:31:20 WARN  no build target for: /home/lenovo/blogapp/app/controllers/HomeController.scala
2025.05.26 09:31:19 INFO  no build target found for /home/lenovo/blogapp/app/controllers/HomeController.scala. Using presentation compiler with project's scala-library version: 3.3.6
2025.05.26 09:31:20 INFO  no build target found for /home/lenovo/blogapp/app/controllers/HomeController.scala. Using presentation compiler with project's scala-library version: 3.3.6
2025.05.26 09:32:35 WARN  no build target for: /home/lenovo/blogapp/app/models/BlogRepo.scala
2025.05.26 09:32:35 INFO  no build target found for /home/lenovo/blogapp/app/models/BlogRepo.scala. Using presentation compiler with project's scala-library version: 3.3.6
2025.05.26 09:32:35 INFO  no build target found for /home/lenovo/blogapp/app/models/BlogRepo.scala. Using presentation compiler with project's scala-library version: 3.3.6
2025.05.26 09:32:35 INFO  no build target found for /home/lenovo/blogapp/app/models/BlogRepo.scala. Using presentation compiler with project's scala-library version: 3.3.6
2025.05.26 09:32:37 INFO  no build target found for /home/lenovo/blogapp/app/models/BlogRepo.scala. Using presentation compiler with project's scala-library version: 3.3.6
2025.05.26 09:32:37 INFO  no build target found for /home/lenovo/blogapp/app/models/BlogRepo.scala. Using presentation compiler with project's scala-library version: 3.3.6
2025.05.26 09:32:38 INFO  no build target found for /home/lenovo/blogapp/app/models/BlogRepo.scala. Using presentation compiler with project's scala-library version: 3.3.6
2025.05.26 09:32:38 INFO  no build target found for /home/lenovo/blogapp/app/models/BlogRepo.scala. Using presentation compiler with project's scala-library version: 3.3.6
2025.05.26 09:32:39 WARN  no build target for: /home/lenovo/blogapp/app/models/BlogRepo.scala
2025.05.26 09:32:39 INFO  no build target found for /home/lenovo/blogapp/app/models/BlogRepo.scala. Using presentation compiler with project's scala-library version: 3.3.6
2025.05.26 09:33:11 WARN  no build target for: /home/lenovo/blogapp/app/models/BlogPost.scala
2025.05.26 09:33:11 INFO  no build target found for /home/lenovo/blogapp/app/models/BlogPost.scala. Using presentation compiler with project's scala-library version: 3.3.6
2025.05.26 09:33:11 INFO  no build target found for /home/lenovo/blogapp/app/models/BlogPost.scala. Using presentation compiler with project's scala-library version: 3.3.6
2025.05.26 09:33:11 INFO  no build target found for /home/lenovo/blogapp/app/models/BlogPost.scala. Using presentation compiler with project's scala-library version: 3.3.6
2025.05.26 09:33:30 INFO  no build target found for /home/lenovo/blogapp/app/models/BlogPost.scala. Using presentation compiler with project's scala-library version: 3.3.6
2025.05.26 09:33:37 INFO  no build target found for /home/lenovo/blogapp/app/models/BlogRepo.scala. Using presentation compiler with project's scala-library version: 3.3.6
2025.05.26 09:33:37 WARN  no build target for: /home/lenovo/blogapp/app/models/BlogRepo.scala
2025.05.26 09:33:37 INFO  no build target found for /home/lenovo/blogapp/app/models/BlogRepo.scala. Using presentation compiler with project's scala-library version: 3.3.6
2025.05.26 09:33:46 INFO  no build target found for /home/lenovo/blogapp/app/models/BlogRepo.scala. Using presentation compiler with project's scala-library version: 3.3.6
2025.05.26 09:33:48 INFO  no build target found for /home/lenovo/blogapp/app/models/BlogRepo.scala. Using presentation compiler with project's scala-library version: 3.3.6
2025.05.26 09:34:46 WARN  no build target for: /home/lenovo/blogapp/app/models/BlogPost.scala
2025.05.26 09:34:46 INFO  no build target found for /home/lenovo/blogapp/app/models/BlogPost.scala. Using presentation compiler with project's scala-library version: 3.3.6
2025.05.26 09:34:46 INFO  no build target found for /home/lenovo/blogapp/app/models/BlogPost.scala. Using presentation compiler with project's scala-library version: 3.3.6
2025.05.26 09:34:46 INFO  no build target found for /home/lenovo/blogapp/app/models/BlogPost.scala. Using presentation compiler with project's scala-library version: 3.3.6
2025.05.26 09:34:50 INFO  no build target found for /home/lenovo/blogapp/app/models/BlogPost.scala. Using presentation compiler with project's scala-library version: 3.3.6
2025.05.26 09:34:50 WARN  no build target for: /home/lenovo/blogapp/app/models/BlogRepo.scala
2025.05.26 09:34:50 INFO  no build target found for /home/lenovo/blogapp/app/models/BlogRepo.scala. Using presentation compiler with project's scala-library version: 3.3.6
2025.05.26 09:34:50 INFO  no build target found for /home/lenovo/blogapp/app/models/BlogRepo.scala. Using presentation compiler with project's scala-library version: 3.3.6
2025.05.26 09:34:50 INFO  no build target found for /home/lenovo/blogapp/app/models/BlogRepo.scala. Using presentation compiler with project's scala-library version: 3.3.6
2025.05.26 09:34:53 INFO  no build target found for /home/lenovo/blogapp/app/models/BlogRepo.scala. Using presentation compiler with project's scala-library version: 3.3.6
2025.05.26 09:34:53 INFO  no build target found for /home/lenovo/blogapp/app/models/BlogRepo.scala. Using presentation compiler with project's scala-library version: 3.3.6
2025.05.26 09:34:54 INFO  no build target found for /home/lenovo/blogapp/app/models/BlogRepo.scala. Using presentation compiler with project's scala-library version: 3.3.6
2025.05.26 09:34:54 WARN  no build target for: /home/lenovo/blogapp/app/models/BlogRepo.scala
2025.05.26 09:34:54 INFO  no build target found for /home/lenovo/blogapp/app/models/BlogRepo.scala. Using presentation compiler with project's scala-library version: 3.3.6
2025.05.26 09:35:24 INFO  no build target found for /home/lenovo/blogapp/app/models/BlogRepo.scala. Using presentation compiler with project's scala-library version: 3.3.6
2025.05.26 09:36:34 WARN  no build target for: /home/lenovo/blogapp/app/controllers/HomeController.scala
2025.05.26 09:36:34 INFO  no build target found for /home/lenovo/blogapp/app/controllers/HomeController.scala. Using presentation compiler with project's scala-library version: 3.3.6
2025.05.26 09:36:34 INFO  no build target found for /home/lenovo/blogapp/app/controllers/HomeController.scala. Using presentation compiler with project's scala-library version: 3.3.6
2025.05.26 09:36:35 INFO  no build target found for /home/lenovo/blogapp/app/controllers/HomeController.scala. Using presentation compiler with project's scala-library version: 3.3.6
2025.05.26 09:36:35 INFO  no build target found for /home/lenovo/blogapp/app/controllers/HomeController.scala. Using presentation compiler with project's scala-library version: 3.3.6
2025.05.26 09:36:37 INFO  no build target found for /home/lenovo/blogapp/app/controllers/HomeController.scala. Using presentation compiler with project's scala-library version: 3.3.6
2025.05.26 09:36:39 INFO  no build target found for /home/lenovo/blogapp/app/controllers/HomeController.scala. Using presentation compiler with project's scala-library version: 3.3.6
2025.05.26 09:36:39 INFO  no build target found for /home/lenovo/blogapp/app/controllers/HomeController.scala. Using presentation compiler with project's scala-library version: 3.3.6
2025.05.26 09:36:39 INFO  no build target found for /home/lenovo/blogapp/app/controllers/HomeController.scala. Using presentation compiler with project's scala-library version: 3.3.6
2025.05.26 09:36:40 INFO  no build target found for /home/lenovo/blogapp/app/controllers/HomeController.scala. Using presentation compiler with project's scala-library version: 3.3.6
2025.05.26 09:36:42 INFO  no build target found for /home/lenovo/blogapp/app/controllers/HomeController.scala. Using presentation compiler with project's scala-library version: 3.3.6
2025.05.26 09:36:42 INFO  no build target found for /home/lenovo/blogapp/app/controllers/HomeController.scala. Using presentation compiler with project's scala-library version: 3.3.6
2025.05.26 09:36:42 INFO  no build target found for /home/lenovo/blogapp/app/controllers/HomeController.scala. Using presentation compiler with project's scala-library version: 3.3.6
2025.05.26 09:36:42 WARN  no build target for: /home/lenovo/blogapp/app/controllers/HomeController.scala
2025.05.26 09:36:43 INFO  no build target found for /home/lenovo/blogapp/app/controllers/HomeController.scala. Using presentation compiler with project's scala-library version: 3.3.6
2025.05.26 09:36:43 INFO  no build target found for /home/lenovo/blogapp/app/controllers/HomeController.scala. Using presentation compiler with project's scala-library version: 3.3.6
2025.05.26 09:38:13 WARN  no build target for: /home/lenovo/blogapp/build.sbt
2025.05.26 09:38:13 INFO  no build target found for /home/lenovo/blogapp/build.sbt. Using presentation compiler with project's scala-library version: 3.3.6
2025.05.26 09:38:13 INFO  no build target found for /home/lenovo/blogapp/build.sbt. Using presentation compiler with project's scala-library version: 3.3.6
2025.05.26 09:38:15 INFO  no build target found for /home/lenovo/blogapp/build.sbt. Using presentation compiler with project's scala-library version: 3.3.6
2025.05.26 09:38:20 INFO  no build target found for /home/lenovo/blogapp/build.sbt. Using presentation compiler with project's scala-library version: 3.3.6
2025.05.26 09:38:20 INFO  no build target found for /home/lenovo/blogapp/build.sbt. Using presentation compiler with project's scala-library version: 3.3.6
2025.05.26 09:38:21 INFO  no build target found for /home/lenovo/blogapp/build.sbt. Using presentation compiler with project's scala-library version: 3.3.6
2025.05.26 09:38:23 INFO  no build target found for /home/lenovo/blogapp/build.sbt. Using presentation compiler with project's scala-library version: 3.3.6
2025.05.26 09:38:23 INFO  no build target found for /home/lenovo/blogapp/build.sbt. Using presentation compiler with project's scala-library version: 3.3.6
2025.05.26 09:38:23 INFO  no build target found for /home/lenovo/blogapp/build.sbt. Using presentation compiler with project's scala-library version: 3.3.6
2025.05.26 09:38:23 INFO  no build target found for /home/lenovo/blogapp/build.sbt. Using presentation compiler with project's scala-library version: 3.3.6
2025.05.26 09:38:24 INFO  no build target found for /home/lenovo/blogapp/build.sbt. Using presentation compiler with project's scala-library version: 3.3.6
2025.05.26 09:38:24 INFO  no build target found for /home/lenovo/blogapp/build.sbt. Using presentation compiler with project's scala-library version: 3.3.6
2025.05.26 09:38:24 INFO  no build target found for /home/lenovo/blogapp/build.sbt. Using presentation compiler with project's scala-library version: 3.3.6
2025.05.26 09:38:24 INFO  no build target found for /home/lenovo/blogapp/build.sbt. Using presentation compiler with project's scala-library version: 3.3.6
2025.05.26 09:38:25 WARN  no build target for: /home/lenovo/blogapp/build.sbt
2025.05.26 09:38:25 INFO  no build target found for /home/lenovo/blogapp/build.sbt. Using presentation compiler with project's scala-library version: 3.3.6
2025.05.26 09:38:25 INFO  no build target found for /home/lenovo/blogapp/build.sbt. Using presentation compiler with project's scala-library version: 3.3.6
2025.05.26 09:41:02 INFO  Shutting down server
2025.05.26 09:41:02 INFO  shutting down Metals
2025.05.26 09:41:02 INFO  Exiting server
2025.05.26 09:41:15 INFO  Started: Metals version 1.5.3 in folders '/home/lenovo/blogapp' for client Visual Studio Code 1.97.2.
2025.05.26 09:41:16 INFO  no build target found for /home/lenovo/blogapp/build.sbt. Using presentation compiler with project's scala-library version: 3.3.6
2025.05.26 09:41:18 INFO  no build target found for /home/lenovo/blogapp/build.sbt. Using presentation compiler with project's scala-library version: 3.3.6
2025.05.26 09:43:36 INFO  no build target found for /home/lenovo/blogapp/app/controllers/HomeController.scala. Using presentation compiler with project's scala-library version: 3.3.6
2025.05.26 09:43:37 INFO  no build target found for /home/lenovo/blogapp/app/controllers/HomeController.scala. Using presentation compiler with project's scala-library version: 3.3.6
2025.05.26 09:44:27 INFO  no build target found for /home/lenovo/blogapp/app/controllers/HomeController.scala. Using presentation compiler with project's scala-library version: 3.3.6
2025.05.26 09:44:27 INFO  no build target found for /home/lenovo/blogapp/app/controllers/HomeController.scala. Using presentation compiler with project's scala-library version: 3.3.6
2025.05.26 09:44:27 INFO  no build target found for /home/lenovo/blogapp/app/controllers/HomeController.scala. Using presentation compiler with project's scala-library version: 3.3.6
2025.05.26 09:44:27 INFO  no build target found for /home/lenovo/blogapp/app/controllers/HomeController.scala. Using presentation compiler with project's scala-library version: 3.3.6
2025.05.26 09:44:30 INFO  no build target found for /home/lenovo/blogapp/app/controllers/HomeController.scala. Using presentation compiler with project's scala-library version: 3.3.6
2025.05.26 09:44:31 INFO  no build target found for /home/lenovo/blogapp/app/controllers/HomeController.scala. Using presentation compiler with project's scala-library version: 3.3.6
2025.05.26 09:44:31 INFO  no build target found for /home/lenovo/blogapp/app/controllers/HomeController.scala. Using presentation compiler with project's scala-library version: 3.3.6
2025.05.26 09:44:31 INFO  no build target found for /home/lenovo/blogapp/app/controllers/HomeController.scala. Using presentation compiler with project's scala-library version: 3.3.6
2025.05.26 09:44:30 INFO  no build target found for /home/lenovo/blogapp/app/controllers/HomeController.scala. Using presentation compiler with project's scala-library version: 3.3.6
2025.05.26 09:44:31 INFO  no build target found for /home/lenovo/blogapp/app/controllers/HomeController.scala. Using presentation compiler with project's scala-library version: 3.3.6
Exception in thread "pool-10-thread-1" java.lang.InterruptedException
	at scala.meta.internal.metals.FutureCancelToken.checkCanceled(FutureCancelToken.scala:29)
	at scala.meta.internal.pc.CompilerAccess.onCompilerJobQueue$$anonfun$1(CompilerAccess.scala:244)
	at scala.meta.internal.pc.CompilerJobQueue$Job.run(CompilerJobQueue.scala:153)
	at java.base/java.util.concurrent.ThreadPoolExecutor.runWorker(ThreadPoolExecutor.java:1136)
	at java.base/java.util.concurrent.ThreadPoolExecutor$Worker.run(ThreadPoolExecutor.java:635)
	at java.base/java.lang.Thread.run(Thread.java:840)
2025.05.26 09:44:30 INFO  no build target found for /home/lenovo/blogapp/app/controllers/HomeController.scala. Using presentation compiler with project's scala-library version: 3.3.6
May 26, 2025 9:44:31 AM org.eclipse.lsp4j.jsonrpc.RemoteEndpoint handleCancellation
WARNING: Unmatched cancel notification for request id 26
2025.05.26 09:44:31 INFO  no build target found for /home/lenovo/blogapp/app/controllers/HomeController.scala. Using presentation compiler with project's scala-library version: 3.3.6
May 26, 2025 9:44:31 AM scala.meta.internal.metals.StdReporter $anonfun$create$1
WARNING: empty definition using pc, found symbol in pc: `<none>`. (full report at: /home/lenovo/blogapp/.metals/.reports/metals-full/2025-05-26/r_empty-definition_09-07-15-843.md)
2025.05.26 09:44:44 INFO  no build target found for /home/lenovo/blogapp/app/models/BlogRepo.scala. Using presentation compiler with project's scala-library version: 3.3.6
2025.05.26 09:44:44 INFO  no build target found for /home/lenovo/blogapp/app/models/BlogRepo.scala. Using presentation compiler with project's scala-library version: 3.3.6
2025.05.26 09:44:53 INFO  no build target found for /home/lenovo/blogapp/app/models/BlogRepo.scala. Using presentation compiler with project's scala-library version: 3.3.6
2025.05.26 09:47:00 WARN  no build target for: /home/lenovo/blogapp/build.sbt
2025.05.26 09:47:00 INFO  no build target found for /home/lenovo/blogapp/build.sbt. Using presentation compiler with project's scala-library version: 3.3.6
2025.05.26 09:47:00 INFO  no build target found for /home/lenovo/blogapp/build.sbt. Using presentation compiler with project's scala-library version: 3.3.6
2025.05.26 09:47:00 INFO  no build target found for /home/lenovo/blogapp/build.sbt. Using presentation compiler with project's scala-library version: 3.3.6
2025.05.26 09:47:02 INFO  no build target found for /home/lenovo/blogapp/build.sbt. Using presentation compiler with project's scala-library version: 3.3.6
2025.05.26 09:47:02 INFO  no build target found for /home/lenovo/blogapp/build.sbt. Using presentation compiler with project's scala-library version: 3.3.6
2025.05.26 09:47:03 INFO  no build target found for /home/lenovo/blogapp/build.sbt. Using presentation compiler with project's scala-library version: 3.3.6
2025.05.26 09:47:03 INFO  no build target found for /home/lenovo/blogapp/build.sbt. Using presentation compiler with project's scala-library version: 3.3.6
2025.05.26 09:47:14 INFO  no build target found for /home/lenovo/blogapp/build.sbt. Using presentation compiler with project's scala-library version: 3.3.6
2025.05.26 09:47:14 INFO  no build target found for /home/lenovo/blogapp/build.sbt. Using presentation compiler with project's scala-library version: 3.3.6
2025.05.26 09:47:14 INFO  no build target found for /home/lenovo/blogapp/build.sbt. Using presentation compiler with project's scala-library version: 3.3.6
2025.05.26 09:47:14 INFO  no build target found for /home/lenovo/blogapp/build.sbt. Using presentation compiler with project's scala-library version: 3.3.6
2025.05.26 09:47:14 INFO  no build target found for /home/lenovo/blogapp/build.sbt. Using presentation compiler with project's scala-library version: 3.3.6
2025.05.26 09:47:15 INFO  no build target found for /home/lenovo/blogapp/build.sbt. Using presentation compiler with project's scala-library version: 3.3.6
May 26, 2025 9:47:15 AM scala.meta.internal.metals.StdReporter $anonfun$create$1
WARNING: empty definition using pc, found symbol in pc:  (full report at: /home/lenovo/blogapp/.metals/.reports/metals-full/2025-05-25/r_empty-definition_20-28-48-062.md)
2025.05.26 09:47:16 INFO  no build target found for /home/lenovo/blogapp/build.sbt. Using presentation compiler with project's scala-library version: 3.3.6
2025.05.26 09:47:16 INFO  no build target found for /home/lenovo/blogapp/build.sbt. Using presentation compiler with project's scala-library version: 3.3.6
May 26, 2025 9:47:16 AM scala.meta.internal.metals.StdReporter $anonfun$create$1
WARNING: empty definition using pc, found symbol in pc:  (full report at: /home/lenovo/blogapp/.metals/.reports/metals-full/2025-05-25/r_empty-definition_20-28-48-062.md)
2025.05.26 09:54:30 INFO  no build target found for /home/lenovo/blogapp/app/models/User.scala. Using presentation compiler with project's scala-library version: 3.3.6
2025.05.26 09:54:30 WARN  Could not find semantic tokens for: file:///home/lenovo/blogapp/app/models/User.scala
2025.05.26 09:54:36 INFO  no build target found for /home/lenovo/blogapp/app/models/User.scala. Using presentation compiler with project's scala-library version: 3.3.6
2025.05.26 09:54:37 INFO  no build target found for /home/lenovo/blogapp/app/models/User.scala. Using presentation compiler with project's scala-library version: 3.3.6
2025.05.26 09:54:37 WARN  no build target for: /home/lenovo/blogapp/app/models/User.scala
2025.05.26 09:54:37 INFO  no build target found for /home/lenovo/blogapp/app/models/User.scala. Using presentation compiler with project's scala-library version: 3.3.6
2025.05.26 09:54:37 INFO  no build target found for /home/lenovo/blogapp/app/models/User.scala. Using presentation compiler with project's scala-library version: 3.3.6
2025.05.26 09:54:49 INFO  no build target found for /home/lenovo/blogapp/app/models/UserTable.scala. Using presentation compiler with project's scala-library version: 3.3.6
2025.05.26 09:54:49 WARN  Could not find semantic tokens for: file:///home/lenovo/blogapp/app/models/UserTable.scala
2025.05.26 09:54:54 INFO  no build target found for /home/lenovo/blogapp/app/models/UserTable.scala. Using presentation compiler with project's scala-library version: 3.3.6
2025.05.26 09:54:54 INFO  no build target found for /home/lenovo/blogapp/app/models/UserTable.scala. Using presentation compiler with project's scala-library version: 3.3.6
2025.05.26 09:54:54 INFO  no build target found for /home/lenovo/blogapp/app/models/UserTable.scala. Using presentation compiler with project's scala-library version: 3.3.6
2025.05.26 09:54:55 WARN  no build target for: /home/lenovo/blogapp/app/models/UserTable.scala
2025.05.26 09:54:55 INFO  no build target found for /home/lenovo/blogapp/app/models/UserTable.scala. Using presentation compiler with project's scala-library version: 3.3.6
2025.05.26 09:55:13 INFO  no build target found for /home/lenovo/blogapp/app/controllers/Secured.scala. Using presentation compiler with project's scala-library version: 3.3.6
2025.05.26 09:55:13 WARN  Could not find semantic tokens for: file:///home/lenovo/blogapp/app/controllers/Secured.scala
2025.05.26 09:55:17 INFO  no build target found for /home/lenovo/blogapp/app/controllers/Secured.scala. Using presentation compiler with project's scala-library version: 3.3.6
2025.05.26 09:55:17 INFO  no build target found for /home/lenovo/blogapp/app/controllers/Secured.scala. Using presentation compiler with project's scala-library version: 3.3.6
2025.05.26 09:55:18 INFO  no build target found for /home/lenovo/blogapp/app/controllers/Secured.scala. Using presentation compiler with project's scala-library version: 3.3.6
2025.05.26 09:55:18 WARN  no build target for: /home/lenovo/blogapp/app/controllers/Secured.scala
2025.05.26 09:55:18 INFO  no build target found for /home/lenovo/blogapp/app/controllers/Secured.scala. Using presentation compiler with project's scala-library version: 3.3.6
2025.05.26 09:55:32 INFO  no build target found for /home/lenovo/blogapp/app/controllers/AuthController.scala. Using presentation compiler with project's scala-library version: 3.3.6
2025.05.26 09:55:32 WARN  Could not find semantic tokens for: file:///home/lenovo/blogapp/app/controllers/AuthController.scala
2025.05.26 09:55:36 INFO  no build target found for /home/lenovo/blogapp/app/controllers/AuthController.scala. Using presentation compiler with project's scala-library version: 3.3.6
2025.05.26 09:55:36 INFO  no build target found for /home/lenovo/blogapp/app/controllers/AuthController.scala. Using presentation compiler with project's scala-library version: 3.3.6
2025.05.26 09:55:37 WARN  no build target for: /home/lenovo/blogapp/app/controllers/AuthController.scala
2025.05.26 09:55:37 INFO  no build target found for /home/lenovo/blogapp/app/controllers/AuthController.scala. Using presentation compiler with project's scala-library version: 3.3.6
2025.05.26 09:55:37 INFO  no build target found for /home/lenovo/blogapp/app/controllers/AuthController.scala. Using presentation compiler with project's scala-library version: 3.3.6
2025.05.26 09:55:51 WARN  no build target for: /home/lenovo/blogapp/app/controllers/HomeController.scala
2025.05.26 09:55:51 INFO  no build target found for /home/lenovo/blogapp/app/controllers/HomeController.scala. Using presentation compiler with project's scala-library version: 3.3.6
2025.05.26 09:55:51 INFO  no build target found for /home/lenovo/blogapp/app/controllers/HomeController.scala. Using presentation compiler with project's scala-library version: 3.3.6
2025.05.26 09:55:51 INFO  no build target found for /home/lenovo/blogapp/app/controllers/HomeController.scala. Using presentation compiler with project's scala-library version: 3.3.6
2025.05.26 09:55:51 INFO  no build target found for /home/lenovo/blogapp/app/controllers/HomeController.scala. Using presentation compiler with project's scala-library version: 3.3.6
2025.05.26 09:55:52 INFO  no build target found for /home/lenovo/blogapp/app/controllers/HomeController.scala. Using presentation compiler with project's scala-library version: 3.3.6
2025.05.26 09:55:52 INFO  no build target found for /home/lenovo/blogapp/app/controllers/HomeController.scala. Using presentation compiler with project's scala-library version: 3.3.6
2025.05.26 09:55:53 INFO  no build target found for /home/lenovo/blogapp/app/controllers/HomeController.scala. Using presentation compiler with project's scala-library version: 3.3.6
2025.05.26 09:55:54 INFO  no build target found for /home/lenovo/blogapp/app/controllers/HomeController.scala. Using presentation compiler with project's scala-library version: 3.3.6
2025.05.26 09:55:54 WARN  no build target for: /home/lenovo/blogapp/app/controllers/HomeController.scala
2025.05.26 09:55:54 INFO  no build target found for /home/lenovo/blogapp/app/controllers/HomeController.scala. Using presentation compiler with project's scala-library version: 3.3.6
2025.05.26 09:55:54 INFO  no build target found for /home/lenovo/blogapp/app/controllers/HomeController.scala. Using presentation compiler with project's scala-library version: 3.3.6
2025.05.26 09:57:23 INFO  no build target found for /home/lenovo/blogapp/app/models/UserRepo.scala. Using presentation compiler with project's scala-library version: 3.3.6
2025.05.26 09:57:23 WARN  Could not find semantic tokens for: file:///home/lenovo/blogapp/app/models/UserRepo.scala
2025.05.26 09:57:28 INFO  no build target found for /home/lenovo/blogapp/app/models/UserRepo.scala. Using presentation compiler with project's scala-library version: 3.3.6
2025.05.26 09:57:28 INFO  no build target found for /home/lenovo/blogapp/app/models/UserRepo.scala. Using presentation compiler with project's scala-library version: 3.3.6
2025.05.26 09:57:29 INFO  no build target found for /home/lenovo/blogapp/app/models/UserRepo.scala. Using presentation compiler with project's scala-library version: 3.3.6
2025.05.26 09:57:29 WARN  no build target for: /home/lenovo/blogapp/app/models/UserRepo.scala
2025.05.26 09:57:29 INFO  no build target found for /home/lenovo/blogapp/app/models/UserRepo.scala. Using presentation compiler with project's scala-library version: 3.3.6
2025.05.26 09:57:47 WARN  no build target for: /home/lenovo/blogapp/app/controllers/HomeController.scala
2025.05.26 09:57:47 INFO  no build target found for /home/lenovo/blogapp/app/controllers/HomeController.scala. Using presentation compiler with project's scala-library version: 3.3.6
2025.05.26 09:57:47 INFO  no build target found for /home/lenovo/blogapp/app/controllers/HomeController.scala. Using presentation compiler with project's scala-library version: 3.3.6
2025.05.26 09:57:48 INFO  no build target found for /home/lenovo/blogapp/app/controllers/HomeController.scala. Using presentation compiler with project's scala-library version: 3.3.6
2025.05.26 09:57:50 INFO  no build target found for /home/lenovo/blogapp/app/controllers/HomeController.scala. Using presentation compiler with project's scala-library version: 3.3.6
2025.05.26 09:57:50 INFO  no build target found for /home/lenovo/blogapp/app/controllers/HomeController.scala. Using presentation compiler with project's scala-library version: 3.3.6
2025.05.26 09:57:50 INFO  no build target found for /home/lenovo/blogapp/app/controllers/HomeController.scala. Using presentation compiler with project's scala-library version: 3.3.6
2025.05.26 09:57:50 INFO  no build target found for /home/lenovo/blogapp/app/controllers/HomeController.scala. Using presentation compiler with project's scala-library version: 3.3.6
2025.05.26 09:57:51 WARN  no build target for: /home/lenovo/blogapp/app/controllers/HomeController.scala
2025.05.26 09:57:51 INFO  no build target found for /home/lenovo/blogapp/app/controllers/HomeController.scala. Using presentation compiler with project's scala-library version: 3.3.6
2025.05.26 09:57:52 INFO  no build target found for /home/lenovo/blogapp/app/controllers/HomeController.scala. Using presentation compiler with project's scala-library version: 3.3.6
2025.05.26 09:57:52 INFO  no build target found for /home/lenovo/blogapp/app/controllers/HomeController.scala. Using presentation compiler with project's scala-library version: 3.3.6
2025.05.26 09:57:53 WARN  no build target for: /home/lenovo/blogapp/app/controllers/HomeController.scala
2025.05.26 09:57:53 INFO  no build target found for /home/lenovo/blogapp/app/controllers/HomeController.scala. Using presentation compiler with project's scala-library version: 3.3.6
2025.05.26 09:57:53 INFO  no build target found for /home/lenovo/blogapp/app/controllers/HomeController.scala. Using presentation compiler with project's scala-library version: 3.3.6
2025.05.26 09:57:53 INFO  no build target found for /home/lenovo/blogapp/app/controllers/HomeController.scala. Using presentation compiler with project's scala-library version: 3.3.6
2025.05.26 09:59:27 INFO  no build target found for /home/lenovo/blogapp/app/controllers/HomeController.scala. Using presentation compiler with project's scala-library version: 3.3.6
2025.05.26 09:59:31 INFO  no build target found for /home/lenovo/blogapp/app/controllers/HomeController.scala. Using presentation compiler with project's scala-library version: 3.3.6
2025.05.26 09:59:32 INFO  no build target found for /home/lenovo/blogapp/app/controllers/HomeController.scala. Using presentation compiler with project's scala-library version: 3.3.6
2025.05.26 09:59:32 INFO  no build target found for /home/lenovo/blogapp/app/controllers/HomeController.scala. Using presentation compiler with project's scala-library version: 3.3.6
2025.05.26 10:00:48 INFO  no build target found for /home/lenovo/blogapp/app/models/UserRepo.scala. Using presentation compiler with project's scala-library version: 3.3.6
2025.05.26 10:00:48 WARN  no build target for: /home/lenovo/blogapp/app/models/UserRepo.scala
2025.05.26 10:00:48 INFO  no build target found for /home/lenovo/blogapp/app/models/UserRepo.scala. Using presentation compiler with project's scala-library version: 3.3.6
2025.05.26 10:00:53 INFO  no build target found for /home/lenovo/blogapp/app/models/UserRepo.scala. Using presentation compiler with project's scala-library version: 3.3.6
2025.05.26 10:00:53 INFO  no build target found for /home/lenovo/blogapp/app/models/UserRepo.scala. Using presentation compiler with project's scala-library version: 3.3.6
2025.05.26 10:00:53 INFO  no build target found for /home/lenovo/blogapp/app/models/UserRepo.scala. Using presentation compiler with project's scala-library version: 3.3.6
2025.05.26 10:00:53 INFO  no build target found for /home/lenovo/blogapp/app/models/UserRepo.scala. Using presentation compiler with project's scala-library version: 3.3.6
2025.05.26 10:00:54 INFO  no build target found for /home/lenovo/blogapp/app/models/UserRepo.scala. Using presentation compiler with project's scala-library version: 3.3.6
2025.05.26 10:00:54 INFO  no build target found for /home/lenovo/blogapp/app/models/UserRepo.scala. Using presentation compiler with project's scala-library version: 3.3.6
2025.05.26 10:00:55 INFO  no build target found for /home/lenovo/blogapp/app/models/UserRepo.scala. Using presentation compiler with project's scala-library version: 3.3.6
2025.05.26 10:00:54 INFO  no build target found for /home/lenovo/blogapp/app/models/UserRepo.scala. Using presentation compiler with project's scala-library version: 3.3.6
2025.05.26 10:00:55 WARN  no build target for: /home/lenovo/blogapp/app/models/UserRepo.scala
2025.05.26 10:00:55 INFO  no build target found for /home/lenovo/blogapp/app/models/UserRepo.scala. Using presentation compiler with project's scala-library version: 3.3.6
2025.05.26 10:00:55 INFO  no build target found for /home/lenovo/blogapp/app/models/UserRepo.scala. Using presentation compiler with project's scala-library version: 3.3.6
2025.05.26 10:01:01 INFO  no build target found for /home/lenovo/blogapp/app/models/UserRepo.scala. Using presentation compiler with project's scala-library version: 3.3.6
2025.05.26 10:01:01 INFO  no build target found for /home/lenovo/blogapp/app/models/UserRepo.scala. Using presentation compiler with project's scala-library version: 3.3.6
2025.05.26 10:01:01 INFO  no build target found for /home/lenovo/blogapp/app/models/UserRepo.scala. Using presentation compiler with project's scala-library version: 3.3.6
2025.05.26 10:01:02 INFO  no build target found for /home/lenovo/blogapp/app/models/UserRepo.scala. Using presentation compiler with project's scala-library version: 3.3.6
2025.05.26 10:01:03 INFO  no build target found for /home/lenovo/blogapp/app/models/UserRepo.scala. Using presentation compiler with project's scala-library version: 3.3.6
2025.05.26 10:01:02 INFO  no build target found for /home/lenovo/blogapp/app/models/UserRepo.scala. Using presentation compiler with project's scala-library version: 3.3.6
May 26, 2025 10:01:03 AM scala.meta.internal.metals.StdReporter $anonfun$create$1
WARNING: empty definition using pc, found symbol in pc: `<none>`. (full report at: /home/lenovo/blogapp/.metals/.reports/metals-full/2025-05-26/r_empty-definition_10-01-03-650.md)
2025.05.26 10:01:03 INFO  no build target found for /home/lenovo/blogapp/app/models/UserRepo.scala. Using presentation compiler with project's scala-library version: 3.3.6
2025.05.26 10:01:03 INFO  no build target found for /home/lenovo/blogapp/app/models/UserRepo.scala. Using presentation compiler with project's scala-library version: 3.3.6
2025.05.26 10:01:04 WARN  no build target for: /home/lenovo/blogapp/app/models/UserRepo.scala
2025.05.26 10:01:04 INFO  no build target found for /home/lenovo/blogapp/app/models/UserRepo.scala. Using presentation compiler with project's scala-library version: 3.3.6
2025.05.26 10:01:41 INFO  no build target found for /home/lenovo/blogapp/app/models/UserRepo.scala. Using presentation compiler with project's scala-library version: 3.3.6
2025.05.26 10:01:41 INFO  no build target found for /home/lenovo/blogapp/app/models/UserRepo.scala. Using presentation compiler with project's scala-library version: 3.3.6
2025.05.26 10:01:42 INFO  no build target found for /home/lenovo/blogapp/app/models/UserRepo.scala. Using presentation compiler with project's scala-library version: 3.3.6
2025.05.26 10:01:42 INFO  no build target found for /home/lenovo/blogapp/app/models/UserRepo.scala. Using presentation compiler with project's scala-library version: 3.3.6
2025.05.26 10:01:43 INFO  no build target found for /home/lenovo/blogapp/app/models/UserRepo.scala. Using presentation compiler with project's scala-library version: 3.3.6
2025.05.26 10:01:42 INFO  no build target found for /home/lenovo/blogapp/app/models/UserRepo.scala. Using presentation compiler with project's scala-library version: 3.3.6
May 26, 2025 10:01:43 AM scala.meta.internal.metals.StdReporter $anonfun$create$1
WARNING: empty definition using pc, found symbol in pc: `<none>`. (full report at: /home/lenovo/blogapp/.metals/.reports/metals-full/2025-05-26/r_empty-definition_10-01-03-650.md)
2025.05.26 10:01:43 INFO  no build target found for /home/lenovo/blogapp/app/models/UserRepo.scala. Using presentation compiler with project's scala-library version: 3.3.6
May 26, 2025 10:01:43 AM scala.meta.internal.metals.StdReporter $anonfun$create$1
WARNING: empty definition using pc, found symbol in pc: `<none>`. (full report at: /home/lenovo/blogapp/.metals/.reports/metals-full/2025-05-26/r_empty-definition_10-01-03-650.md)
2025.05.26 10:01:42 INFO  no build target found for /home/lenovo/blogapp/app/models/UserRepo.scala. Using presentation compiler with project's scala-library version: 3.3.6
2025.05.26 10:01:43 INFO  no build target found for /home/lenovo/blogapp/app/models/UserRepo.scala. Using presentation compiler with project's scala-library version: 3.3.6
2025.05.26 10:01:44 INFO  no build target found for /home/lenovo/blogapp/app/models/UserRepo.scala. Using presentation compiler with project's scala-library version: 3.3.6
2025.05.26 10:01:44 INFO  no build target found for /home/lenovo/blogapp/app/models/UserRepo.scala. Using presentation compiler with project's scala-library version: 3.3.6
2025.05.26 10:01:44 WARN  no build target for: /home/lenovo/blogapp/app/models/UserRepo.scala
2025.05.26 10:01:44 INFO  no build target found for /home/lenovo/blogapp/app/models/UserRepo.scala. Using presentation compiler with project's scala-library version: 3.3.6
2025.05.26 10:01:44 INFO  no build target found for /home/lenovo/blogapp/app/models/UserRepo.scala. Using presentation compiler with project's scala-library version: 3.3.6
2025.05.26 10:01:46 INFO  no build target found for /home/lenovo/blogapp/app/models/UserRepo.scala. Using presentation compiler with project's scala-library version: 3.3.6
2025.05.26 10:01:46 INFO  no build target found for /home/lenovo/blogapp/app/models/UserRepo.scala. Using presentation compiler with project's scala-library version: 3.3.6
2025.05.26 10:01:46 INFO  no build target found for /home/lenovo/blogapp/app/models/UserRepo.scala. Using presentation compiler with project's scala-library version: 3.3.6
2025.05.26 10:01:46 INFO  no build target found for /home/lenovo/blogapp/app/models/UserRepo.scala. Using presentation compiler with project's scala-library version: 3.3.6
2025.05.26 10:01:47 INFO  no build target found for /home/lenovo/blogapp/app/models/UserRepo.scala. Using presentation compiler with project's scala-library version: 3.3.6
2025.05.26 10:01:47 INFO  no build target found for /home/lenovo/blogapp/app/models/UserRepo.scala. Using presentation compiler with project's scala-library version: 3.3.6
2025.05.26 10:01:47 INFO  no build target found for /home/lenovo/blogapp/app/models/UserRepo.scala. Using presentation compiler with project's scala-library version: 3.3.6
2025.05.26 10:01:48 INFO  no build target found for /home/lenovo/blogapp/app/models/UserRepo.scala. Using presentation compiler with project's scala-library version: 3.3.6
2025.05.26 10:01:48 INFO  no build target found for /home/lenovo/blogapp/app/models/UserRepo.scala. Using presentation compiler with project's scala-library version: 3.3.6
2025.05.26 10:01:49 INFO  no build target found for /home/lenovo/blogapp/app/models/UserRepo.scala. Using presentation compiler with project's scala-library version: 3.3.6
2025.05.26 10:01:48 INFO  no build target found for /home/lenovo/blogapp/app/models/UserRepo.scala. Using presentation compiler with project's scala-library version: 3.3.6
2025.05.26 10:01:49 WARN  no build target for: /home/lenovo/blogapp/app/models/UserRepo.scala
2025.05.26 10:01:49 INFO  no build target found for /home/lenovo/blogapp/app/models/UserRepo.scala. Using presentation compiler with project's scala-library version: 3.3.6
2025.05.26 10:01:49 INFO  no build target found for /home/lenovo/blogapp/app/models/UserRepo.scala. Using presentation compiler with project's scala-library version: 3.3.6
2025.05.26 10:01:59 INFO  no build target found for /home/lenovo/blogapp/app/models/UserRepo.scala. Using presentation compiler with project's scala-library version: 3.3.6
2025.05.26 10:02:01 WARN  no build target for: /home/lenovo/blogapp/app/models/UserTable.scala
2025.05.26 10:02:01 INFO  no build target found for /home/lenovo/blogapp/app/models/UserTable.scala. Using presentation compiler with project's scala-library version: 3.3.6
2025.05.26 10:02:01 INFO  no build target found for /home/lenovo/blogapp/app/models/UserTable.scala. Using presentation compiler with project's scala-library version: 3.3.6
2025.05.26 10:02:03 INFO  no build target found for /home/lenovo/blogapp/app/models/UserTable.scala. Using presentation compiler with project's scala-library version: 3.3.6
2025.05.26 10:02:03 INFO  no build target found for /home/lenovo/blogapp/app/models/UserTable.scala. Using presentation compiler with project's scala-library version: 3.3.6
2025.05.26 10:02:04 INFO  no build target found for /home/lenovo/blogapp/app/models/UserTable.scala. Using presentation compiler with project's scala-library version: 3.3.6
2025.05.26 10:02:04 INFO  no build target found for /home/lenovo/blogapp/app/models/UserTable.scala. Using presentation compiler with project's scala-library version: 3.3.6
2025.05.26 10:02:04 WARN  no build target for: /home/lenovo/blogapp/app/models/UserTable.scala
2025.05.26 10:02:04 INFO  no build target found for /home/lenovo/blogapp/app/models/UserTable.scala. Using presentation compiler with project's scala-library version: 3.3.6
2025.05.26 10:02:17 WARN  no build target for: /home/lenovo/blogapp/app/models/UserRepo.scala
2025.05.26 10:02:17 INFO  no build target found for /home/lenovo/blogapp/app/models/UserRepo.scala. Using presentation compiler with project's scala-library version: 3.3.6
2025.05.26 10:02:17 INFO  no build target found for /home/lenovo/blogapp/app/models/UserRepo.scala. Using presentation compiler with project's scala-library version: 3.3.6
2025.05.26 10:02:17 INFO  no build target found for /home/lenovo/blogapp/app/models/UserRepo.scala. Using presentation compiler with project's scala-library version: 3.3.6
2025.05.26 10:02:17 INFO  no build target found for /home/lenovo/blogapp/app/models/UserRepo.scala. Using presentation compiler with project's scala-library version: 3.3.6
2025.05.26 10:02:17 INFO  no build target found for /home/lenovo/blogapp/app/models/UserRepo.scala. Using presentation compiler with project's scala-library version: 3.3.6
2025.05.26 10:02:20 INFO  no build target found for /home/lenovo/blogapp/app/models/UserRepo.scala. Using presentation compiler with project's scala-library version: 3.3.6
2025.05.26 10:02:22 INFO  no build target found for /home/lenovo/blogapp/app/models/UserRepo.scala. Using presentation compiler with project's scala-library version: 3.3.6
2025.05.26 10:03:12 INFO  no build target found for /home/lenovo/blogapp/app/models/UserRepo.scala. Using presentation compiler with project's scala-library version: 3.3.6
2025.05.26 10:03:13 INFO  no build target found for /home/lenovo/blogapp/app/models/UserRepo.scala. Using presentation compiler with project's scala-library version: 3.3.6
2025.05.26 10:03:13 INFO  no build target found for /home/lenovo/blogapp/app/models/UserRepo.scala. Using presentation compiler with project's scala-library version: 3.3.6
2025.05.26 10:03:14 INFO  no build target found for /home/lenovo/blogapp/app/models/UserRepo.scala. Using presentation compiler with project's scala-library version: 3.3.6
2025.05.26 10:03:14 INFO  no build target found for /home/lenovo/blogapp/app/models/UserRepo.scala. Using presentation compiler with project's scala-library version: 3.3.6
2025.05.26 10:03:15 WARN  no build target for: /home/lenovo/blogapp/app/models/UserRepo.scala
2025.05.26 10:03:15 INFO  no build target found for /home/lenovo/blogapp/app/models/UserRepo.scala. Using presentation compiler with project's scala-library version: 3.3.6
2025.05.26 10:03:19 WARN  no build target for: /home/lenovo/blogapp/app/models/UserTable.scala
2025.05.26 10:03:19 INFO  no build target found for /home/lenovo/blogapp/app/models/UserTable.scala. Using presentation compiler with project's scala-library version: 3.3.6
2025.05.26 10:03:19 INFO  no build target found for /home/lenovo/blogapp/app/models/UserTable.scala. Using presentation compiler with project's scala-library version: 3.3.6
2025.05.26 10:03:21 INFO  no build target found for /home/lenovo/blogapp/app/models/UserTable.scala. Using presentation compiler with project's scala-library version: 3.3.6
2025.05.26 10:03:21 INFO  no build target found for /home/lenovo/blogapp/app/models/UserTable.scala. Using presentation compiler with project's scala-library version: 3.3.6
2025.05.26 10:03:22 INFO  no build target found for /home/lenovo/blogapp/app/models/UserTable.scala. Using presentation compiler with project's scala-library version: 3.3.6
2025.05.26 10:03:22 INFO  no build target found for /home/lenovo/blogapp/app/models/UserTable.scala. Using presentation compiler with project's scala-library version: 3.3.6
2025.05.26 10:03:22 WARN  no build target for: /home/lenovo/blogapp/app/models/UserTable.scala
2025.05.26 10:03:22 INFO  no build target found for /home/lenovo/blogapp/app/models/UserTable.scala. Using presentation compiler with project's scala-library version: 3.3.6
2025.05.26 10:03:57 INFO  no build target found for /home/lenovo/blogapp/app/models/UserTable.scala. Using presentation compiler with project's scala-library version: 3.3.6
2025.05.26 10:03:57 INFO  no build target found for /home/lenovo/blogapp/app/models/UserTable.scala. Using presentation compiler with project's scala-library version: 3.3.6
2025.05.26 10:03:57 INFO  no build target found for /home/lenovo/blogapp/app/models/UserTable.scala. Using presentation compiler with project's scala-library version: 3.3.6
2025.05.26 10:03:58 WARN  no build target for: /home/lenovo/blogapp/app/models/UserTable.scala
2025.05.26 10:03:58 INFO  no build target found for /home/lenovo/blogapp/app/models/UserTable.scala. Using presentation compiler with project's scala-library version: 3.3.6
2025.05.26 10:03:58 INFO  no build target found for /home/lenovo/blogapp/app/models/UserTable.scala. Using presentation compiler with project's scala-library version: 3.3.6
2025.05.26 10:04:06 WARN  no build target for: /home/lenovo/blogapp/app/models/UserRepo.scala
2025.05.26 10:04:06 INFO  no build target found for /home/lenovo/blogapp/app/models/UserRepo.scala. Using presentation compiler with project's scala-library version: 3.3.6
2025.05.26 10:04:06 INFO  no build target found for /home/lenovo/blogapp/app/models/UserRepo.scala. Using presentation compiler with project's scala-library version: 3.3.6
2025.05.26 10:04:08 INFO  no build target found for /home/lenovo/blogapp/app/models/UserRepo.scala. Using presentation compiler with project's scala-library version: 3.3.6
2025.05.26 10:04:08 INFO  no build target found for /home/lenovo/blogapp/app/models/UserRepo.scala. Using presentation compiler with project's scala-library version: 3.3.6
2025.05.26 10:04:08 INFO  no build target found for /home/lenovo/blogapp/app/models/UserRepo.scala. Using presentation compiler with project's scala-library version: 3.3.6
2025.05.26 10:04:09 WARN  no build target for: /home/lenovo/blogapp/app/models/UserRepo.scala
2025.05.26 10:04:09 INFO  no build target found for /home/lenovo/blogapp/app/models/UserRepo.scala. Using presentation compiler with project's scala-library version: 3.3.6
2025.05.26 10:04:09 INFO  no build target found for /home/lenovo/blogapp/app/models/UserRepo.scala. Using presentation compiler with project's scala-library version: 3.3.6
2025.05.26 10:04:42 WARN  no build target for: /home/lenovo/blogapp/app/models/UserTable.scala
2025.05.26 10:04:42 INFO  no build target found for /home/lenovo/blogapp/app/models/UserTable.scala. Using presentation compiler with project's scala-library version: 3.3.6
2025.05.26 10:04:42 INFO  no build target found for /home/lenovo/blogapp/app/models/UserTable.scala. Using presentation compiler with project's scala-library version: 3.3.6
2025.05.26 10:04:44 INFO  no build target found for /home/lenovo/blogapp/app/models/UserTable.scala. Using presentation compiler with project's scala-library version: 3.3.6
2025.05.26 10:04:44 INFO  no build target found for /home/lenovo/blogapp/app/models/UserTable.scala. Using presentation compiler with project's scala-library version: 3.3.6
2025.05.26 10:04:45 INFO  no build target found for /home/lenovo/blogapp/app/models/UserTable.scala. Using presentation compiler with project's scala-library version: 3.3.6
2025.05.26 10:04:45 WARN  no build target for: /home/lenovo/blogapp/app/models/UserTable.scala
2025.05.26 10:04:45 INFO  no build target found for /home/lenovo/blogapp/app/models/UserTable.scala. Using presentation compiler with project's scala-library version: 3.3.6
2025.05.26 10:04:45 INFO  no build target found for /home/lenovo/blogapp/app/models/UserTable.scala. Using presentation compiler with project's scala-library version: 3.3.6
2025.05.26 10:04:51 INFO  no build target found for /home/lenovo/blogapp/app/models/UserRepo.scala. Using presentation compiler with project's scala-library version: 3.3.6
2025.05.26 10:04:51 WARN  no build target for: /home/lenovo/blogapp/app/models/UserRepo.scala
2025.05.26 10:04:51 INFO  no build target found for /home/lenovo/blogapp/app/models/UserRepo.scala. Using presentation compiler with project's scala-library version: 3.3.6
2025.05.26 10:04:53 INFO  no build target found for /home/lenovo/blogapp/app/models/UserRepo.scala. Using presentation compiler with project's scala-library version: 3.3.6
2025.05.26 10:04:53 INFO  no build target found for /home/lenovo/blogapp/app/models/UserRepo.scala. Using presentation compiler with project's scala-library version: 3.3.6
2025.05.26 10:04:54 INFO  no build target found for /home/lenovo/blogapp/app/models/UserRepo.scala. Using presentation compiler with project's scala-library version: 3.3.6
2025.05.26 10:04:54 WARN  no build target for: /home/lenovo/blogapp/app/models/UserRepo.scala
2025.05.26 10:04:54 INFO  no build target found for /home/lenovo/blogapp/app/models/UserRepo.scala. Using presentation compiler with project's scala-library version: 3.3.6
2025.05.26 10:04:54 INFO  no build target found for /home/lenovo/blogapp/app/models/UserRepo.scala. Using presentation compiler with project's scala-library version: 3.3.6
2025.05.26 10:08:06 WARN  no build target for: /home/lenovo/blogapp/app/models/User.scala
2025.05.26 10:08:06 INFO  no build target found for /home/lenovo/blogapp/app/models/User.scala. Using presentation compiler with project's scala-library version: 3.3.6
2025.05.26 10:08:07 INFO  no build target found for /home/lenovo/blogapp/app/models/User.scala. Using presentation compiler with project's scala-library version: 3.3.6
2025.05.26 10:08:09 INFO  no build target found for /home/lenovo/blogapp/app/models/User.scala. Using presentation compiler with project's scala-library version: 3.3.6
2025.05.26 10:08:09 INFO  no build target found for /home/lenovo/blogapp/app/models/User.scala. Using presentation compiler with project's scala-library version: 3.3.6
2025.05.26 10:08:09 INFO  no build target found for /home/lenovo/blogapp/app/models/User.scala. Using presentation compiler with project's scala-library version: 3.3.6
2025.05.26 10:08:11 INFO  no build target found for /home/lenovo/blogapp/app/models/User.scala. Using presentation compiler with project's scala-library version: 3.3.6
2025.05.26 10:08:11 INFO  no build target found for /home/lenovo/blogapp/app/models/User.scala. Using presentation compiler with project's scala-library version: 3.3.6
2025.05.26 10:08:11 INFO  no build target found for /home/lenovo/blogapp/app/models/User.scala. Using presentation compiler with project's scala-library version: 3.3.6
2025.05.26 10:08:11 INFO  no build target found for /home/lenovo/blogapp/app/models/User.scala. Using presentation compiler with project's scala-library version: 3.3.6
2025.05.26 10:08:12 WARN  no build target for: /home/lenovo/blogapp/app/models/User.scala
2025.05.26 10:08:12 INFO  no build target found for /home/lenovo/blogapp/app/models/User.scala. Using presentation compiler with project's scala-library version: 3.3.6
2025.05.26 10:08:12 INFO  no build target found for /home/lenovo/blogapp/app/models/User.scala. Using presentation compiler with project's scala-library version: 3.3.6
2025.05.26 10:08:19 INFO  no build target found for /home/lenovo/blogapp/app/models/User.scala. Using presentation compiler with project's scala-library version: 3.3.6
2025.05.26 10:08:19 INFO  no build target found for /home/lenovo/blogapp/app/models/User.scala. Using presentation compiler with project's scala-library version: 3.3.6
2025.05.26 10:08:20 INFO  no build target found for /home/lenovo/blogapp/app/models/User.scala. Using presentation compiler with project's scala-library version: 3.3.6
2025.05.26 10:08:20 INFO  no build target found for /home/lenovo/blogapp/app/models/User.scala. Using presentation compiler with project's scala-library version: 3.3.6
2025.05.26 10:08:22 INFO  no build target found for /home/lenovo/blogapp/app/models/User.scala. Using presentation compiler with project's scala-library version: 3.3.6
2025.05.26 10:08:22 INFO  no build target found for /home/lenovo/blogapp/app/models/User.scala. Using presentation compiler with project's scala-library version: 3.3.6
2025.05.26 10:08:22 INFO  no build target found for /home/lenovo/blogapp/app/models/User.scala. Using presentation compiler with project's scala-library version: 3.3.6
2025.05.26 10:08:23 INFO  no build target found for /home/lenovo/blogapp/app/models/User.scala. Using presentation compiler with project's scala-library version: 3.3.6
2025.05.26 10:08:23 WARN  no build target for: /home/lenovo/blogapp/app/models/User.scala
2025.05.26 10:08:22 INFO  no build target found for /home/lenovo/blogapp/app/models/User.scala. Using presentation compiler with project's scala-library version: 3.3.6
2025.05.26 10:09:43 WARN  no build target for: /home/lenovo/blogapp/app/controllers/HomeController.scala
2025.05.26 10:09:43 INFO  no build target found for /home/lenovo/blogapp/app/controllers/HomeController.scala. Using presentation compiler with project's scala-library version: 3.3.6
2025.05.26 10:09:43 INFO  no build target found for /home/lenovo/blogapp/app/controllers/HomeController.scala. Using presentation compiler with project's scala-library version: 3.3.6
2025.05.26 10:09:44 INFO  no build target found for /home/lenovo/blogapp/app/controllers/HomeController.scala. Using presentation compiler with project's scala-library version: 3.3.6
2025.05.26 10:09:46 INFO  no build target found for /home/lenovo/blogapp/app/controllers/HomeController.scala. Using presentation compiler with project's scala-library version: 3.3.6
2025.05.26 10:09:46 INFO  no build target found for /home/lenovo/blogapp/app/controllers/HomeController.scala. Using presentation compiler with project's scala-library version: 3.3.6
2025.05.26 10:09:46 INFO  no build target found for /home/lenovo/blogapp/app/controllers/HomeController.scala. Using presentation compiler with project's scala-library version: 3.3.6
2025.05.26 10:09:46 INFO  no build target found for /home/lenovo/blogapp/app/controllers/HomeController.scala. Using presentation compiler with project's scala-library version: 3.3.6
2025.05.26 10:09:46 INFO  no build target found for /home/lenovo/blogapp/app/controllers/HomeController.scala. Using presentation compiler with project's scala-library version: 3.3.6
2025.05.26 10:09:47 WARN  no build target for: /home/lenovo/blogapp/app/controllers/HomeController.scala
2025.05.26 10:09:47 INFO  no build target found for /home/lenovo/blogapp/app/controllers/HomeController.scala. Using presentation compiler with project's scala-library version: 3.3.6
2025.05.26 10:09:48 WARN  no build target for: /home/lenovo/blogapp/app/controllers/AuthController.scala
2025.05.26 10:09:48 INFO  no build target found for /home/lenovo/blogapp/app/controllers/AuthController.scala. Using presentation compiler with project's scala-library version: 3.3.6
2025.05.26 10:09:48 INFO  no build target found for /home/lenovo/blogapp/app/controllers/AuthController.scala. Using presentation compiler with project's scala-library version: 3.3.6
2025.05.26 10:09:51 INFO  no build target found for /home/lenovo/blogapp/app/controllers/AuthController.scala. Using presentation compiler with project's scala-library version: 3.3.6
2025.05.26 10:09:51 WARN  no build target for: /home/lenovo/blogapp/app/controllers/HomeController.scala
2025.05.26 10:09:51 INFO  no build target found for /home/lenovo/blogapp/app/controllers/HomeController.scala. Using presentation compiler with project's scala-library version: 3.3.6
2025.05.26 10:09:51 INFO  no build target found for /home/lenovo/blogapp/app/controllers/HomeController.scala. Using presentation compiler with project's scala-library version: 3.3.6
2025.05.26 10:09:51 INFO  no build target found for /home/lenovo/blogapp/app/controllers/HomeController.scala. Using presentation compiler with project's scala-library version: 3.3.6
2025.05.26 10:09:52 WARN  no build target for: /home/lenovo/blogapp/app/controllers/Secured.scala
2025.05.26 10:09:52 INFO  no build target found for /home/lenovo/blogapp/app/controllers/Secured.scala. Using presentation compiler with project's scala-library version: 3.3.6
2025.05.26 10:09:52 INFO  no build target found for /home/lenovo/blogapp/app/controllers/Secured.scala. Using presentation compiler with project's scala-library version: 3.3.6
2025.05.26 10:09:56 INFO  no build target found for /home/lenovo/blogapp/app/controllers/Secured.scala. Using presentation compiler with project's scala-library version: 3.3.6
2025.05.26 10:09:56 WARN  no build target for: /home/lenovo/blogapp/app/controllers/HomeController.scala
2025.05.26 10:09:56 INFO  no build target found for /home/lenovo/blogapp/app/controllers/HomeController.scala. Using presentation compiler with project's scala-library version: 3.3.6
2025.05.26 10:09:56 INFO  no build target found for /home/lenovo/blogapp/app/controllers/HomeController.scala. Using presentation compiler with project's scala-library version: 3.3.6
2025.05.26 10:09:56 INFO  no build target found for /home/lenovo/blogapp/app/controllers/HomeController.scala. Using presentation compiler with project's scala-library version: 3.3.6
2025.05.26 10:10:41 WARN  no build target for: /home/lenovo/blogapp/app/models/BlogRepo.scala
2025.05.26 10:10:41 INFO  no build target found for /home/lenovo/blogapp/app/models/BlogRepo.scala. Using presentation compiler with project's scala-library version: 3.3.6
2025.05.26 10:10:41 INFO  no build target found for /home/lenovo/blogapp/app/models/BlogRepo.scala. Using presentation compiler with project's scala-library version: 3.3.6
2025.05.26 10:10:41 INFO  no build target found for /home/lenovo/blogapp/app/models/BlogRepo.scala. Using presentation compiler with project's scala-library version: 3.3.6
2025.05.26 10:10:51 INFO  no build target found for /home/lenovo/blogapp/app/models/BlogRepo.scala. Using presentation compiler with project's scala-library version: 3.3.6
2025.05.26 10:10:51 INFO  no build target found for /home/lenovo/blogapp/app/models/BlogRepo.scala. Using presentation compiler with project's scala-library version: 3.3.6
2025.05.26 10:10:51 INFO  no build target found for /home/lenovo/blogapp/app/models/BlogRepo.scala. Using presentation compiler with project's scala-library version: 3.3.6
May 26, 2025 10:10:51 AM scala.meta.internal.metals.StdReporter $anonfun$create$1
WARNING: empty definition using pc, found symbol in pc: `<none>`. (full report at: /home/lenovo/blogapp/.metals/.reports/metals-full/2025-05-26/r_empty-definition_09-30-56-056.md)
2025.05.26 10:10:52 INFO  no build target found for /home/lenovo/blogapp/app/models/BlogRepo.scala. Using presentation compiler with project's scala-library version: 3.3.6
2025.05.26 10:10:52 INFO  no build target found for /home/lenovo/blogapp/app/models/BlogRepo.scala. Using presentation compiler with project's scala-library version: 3.3.6
May 26, 2025 10:10:52 AM scala.meta.internal.metals.StdReporter $anonfun$create$1
WARNING: empty definition using pc, found symbol in pc: `<none>`. (full report at: /home/lenovo/blogapp/.metals/.reports/metals-full/2025-05-26/r_empty-definition_09-30-56-056.md)
2025.05.26 10:10:52 INFO  no build target found for /home/lenovo/blogapp/app/models/BlogRepo.scala. Using presentation compiler with project's scala-library version: 3.3.6
2025.05.26 10:10:52 INFO  no build target found for /home/lenovo/blogapp/app/models/BlogRepo.scala. Using presentation compiler with project's scala-library version: 3.3.6
2025.05.26 10:10:53 INFO  no build target found for /home/lenovo/blogapp/app/models/BlogRepo.scala. Using presentation compiler with project's scala-library version: 3.3.6
2025.05.26 10:10:54 WARN  no build target for: /home/lenovo/blogapp/app/models/BlogRepo.scala
2025.05.26 10:10:54 INFO  no build target found for /home/lenovo/blogapp/app/models/BlogRepo.scala. Using presentation compiler with project's scala-library version: 3.3.6
2025.05.26 10:10:54 INFO  no build target found for /home/lenovo/blogapp/app/models/BlogRepo.scala. Using presentation compiler with project's scala-library version: 3.3.6
2025.05.26 10:11:06 WARN  no build target for: /home/lenovo/blogapp/app/models/User.scala
2025.05.26 10:11:06 INFO  no build target found for /home/lenovo/blogapp/app/models/User.scala. Using presentation compiler with project's scala-library version: 3.3.6
2025.05.26 10:11:06 INFO  no build target found for /home/lenovo/blogapp/app/models/User.scala. Using presentation compiler with project's scala-library version: 3.3.6
2025.05.26 10:11:09 INFO  no build target found for /home/lenovo/blogapp/app/models/User.scala. Using presentation compiler with project's scala-library version: 3.3.6
2025.05.26 10:11:09 WARN  no build target for: /home/lenovo/blogapp/app/models/BlogRepo.scala
2025.05.26 10:11:09 INFO  no build target found for /home/lenovo/blogapp/app/models/BlogRepo.scala. Using presentation compiler with project's scala-library version: 3.3.6
2025.05.26 10:11:09 INFO  no build target found for /home/lenovo/blogapp/app/models/BlogRepo.scala. Using presentation compiler with project's scala-library version: 3.3.6
2025.05.26 10:11:09 INFO  no build target found for /home/lenovo/blogapp/app/models/BlogRepo.scala. Using presentation compiler with project's scala-library version: 3.3.6
2025.05.26 10:11:12 INFO  no build target found for /home/lenovo/blogapp/app/models/UserRepo.scala. Using presentation compiler with project's scala-library version: 3.3.6
2025.05.26 10:11:16 INFO  no build target found for /home/lenovo/blogapp/app/models/UserTable.scala. Using presentation compiler with project's scala-library version: 3.3.6
2025.05.26 10:24:46 INFO  no build target found for /home/lenovo/blogapp/app/models/BlogRepo.scala. Using presentation compiler with project's scala-library version: 3.3.6
2025.05.26 10:24:46 WARN  no build target for: /home/lenovo/blogapp/app/models/BlogRepo.scala
2025.05.26 10:24:46 INFO  no build target found for /home/lenovo/blogapp/app/models/BlogRepo.scala. Using presentation compiler with project's scala-library version: 3.3.6
2025.05.26 10:24:46 INFO  no build target found for /home/lenovo/blogapp/app/models/BlogRepo.scala. Using presentation compiler with project's scala-library version: 3.3.6
2025.05.26 10:24:49 INFO  no build target found for /home/lenovo/blogapp/app/models/BlogRepo.scala. Using presentation compiler with project's scala-library version: 3.3.6
2025.05.26 10:24:49 INFO  no build target found for /home/lenovo/blogapp/app/models/BlogRepo.scala. Using presentation compiler with project's scala-library version: 3.3.6
2025.05.26 10:24:49 INFO  no build target found for /home/lenovo/blogapp/app/models/BlogRepo.scala. Using presentation compiler with project's scala-library version: 3.3.6
2025.05.26 10:24:49 INFO  no build target found for /home/lenovo/blogapp/app/models/BlogRepo.scala. Using presentation compiler with project's scala-library version: 3.3.6
May 26, 2025 10:24:49 AM scala.meta.internal.metals.StdReporter $anonfun$create$1
WARNING: empty definition using pc, found symbol in pc: `<none>`. (full report at: /home/lenovo/blogapp/.metals/.reports/metals-full/2025-05-26/r_empty-definition_09-30-56-056.md)
2025.05.26 10:24:49 INFO  no build target found for /home/lenovo/blogapp/app/models/BlogRepo.scala. Using presentation compiler with project's scala-library version: 3.3.6
2025.05.26 10:24:50 WARN  no build target for: /home/lenovo/blogapp/app/models/BlogRepo.scala
2025.05.26 10:24:50 INFO  no build target found for /home/lenovo/blogapp/app/models/BlogRepo.scala. Using presentation compiler with project's scala-library version: 3.3.6
2025.05.26 10:24:50 INFO  no build target found for /home/lenovo/blogapp/app/models/BlogRepo.scala. Using presentation compiler with project's scala-library version: 3.3.6
2025.05.26 10:24:51 INFO  no build target found for /home/lenovo/blogapp/app/models/BlogRepo.scala. Using presentation compiler with project's scala-library version: 3.3.6
2025.05.26 10:24:51 INFO  no build target found for /home/lenovo/blogapp/app/models/BlogRepo.scala. Using presentation compiler with project's scala-library version: 3.3.6
2025.05.26 10:24:51 INFO  no build target found for /home/lenovo/blogapp/app/models/BlogRepo.scala. Using presentation compiler with project's scala-library version: 3.3.6
2025.05.26 10:24:51 INFO  no build target found for /home/lenovo/blogapp/app/models/BlogRepo.scala. Using presentation compiler with project's scala-library version: 3.3.6
2025.05.26 10:24:52 WARN  no build target for: /home/lenovo/blogapp/app/models/BlogRepo.scala
2025.05.26 10:24:52 INFO  no build target found for /home/lenovo/blogapp/app/models/BlogRepo.scala. Using presentation compiler with project's scala-library version: 3.3.6
2025.05.26 10:24:52 INFO  no build target found for /home/lenovo/blogapp/app/models/BlogRepo.scala. Using presentation compiler with project's scala-library version: 3.3.6
2025.05.26 10:24:56 INFO  no build target found for /home/lenovo/blogapp/app/models/BlogRepo.scala. Using presentation compiler with project's scala-library version: 3.3.6
2025.05.26 10:24:56 INFO  no build target found for /home/lenovo/blogapp/app/models/BlogRepo.scala. Using presentation compiler with project's scala-library version: 3.3.6
2025.05.26 10:24:57 INFO  no build target found for /home/lenovo/blogapp/app/models/BlogRepo.scala. Using presentation compiler with project's scala-library version: 3.3.6
2025.05.26 10:24:57 INFO  no build target found for /home/lenovo/blogapp/app/models/BlogRepo.scala. Using presentation compiler with project's scala-library version: 3.3.6
2025.05.26 10:24:57 INFO  no build target found for /home/lenovo/blogapp/app/models/BlogRepo.scala. Using presentation compiler with project's scala-library version: 3.3.6
2025.05.26 10:24:57 INFO  no build target found for /home/lenovo/blogapp/app/models/BlogRepo.scala. Using presentation compiler with project's scala-library version: 3.3.6
2025.05.26 10:24:59 INFO  no build target found for /home/lenovo/blogapp/app/models/BlogRepo.scala. Using presentation compiler with project's scala-library version: 3.3.6
2025.05.26 10:25:00 INFO  no build target found for /home/lenovo/blogapp/app/models/BlogRepo.scala. Using presentation compiler with project's scala-library version: 3.3.6
2025.05.26 10:25:00 INFO  no build target found for /home/lenovo/blogapp/app/models/BlogRepo.scala. Using presentation compiler with project's scala-library version: 3.3.6
2025.05.26 10:25:01 WARN  no build target for: /home/lenovo/blogapp/app/models/BlogRepo.scala
2025.05.26 10:25:01 INFO  no build target found for /home/lenovo/blogapp/app/models/BlogRepo.scala. Using presentation compiler with project's scala-library version: 3.3.6
2025.05.26 10:25:01 INFO  no build target found for /home/lenovo/blogapp/app/models/BlogRepo.scala. Using presentation compiler with project's scala-library version: 3.3.6
2025.05.26 10:25:10 INFO  no build target found for /home/lenovo/blogapp/app/models/BlogRepo.scala. Using presentation compiler with project's scala-library version: 3.3.6
2025.05.26 10:25:10 INFO  no build target found for /home/lenovo/blogapp/app/models/BlogRepo.scala. Using presentation compiler with project's scala-library version: 3.3.6
2025.05.26 10:25:24 INFO  no build target found for /home/lenovo/blogapp/app/models/BlogRepo.scala. Using presentation compiler with project's scala-library version: 3.3.6
2025.05.26 10:25:25 INFO  no build target found for /home/lenovo/blogapp/app/models/BlogRepo.scala. Using presentation compiler with project's scala-library version: 3.3.6
2025.05.26 10:25:25 INFO  no build target found for /home/lenovo/blogapp/app/models/BlogRepo.scala. Using presentation compiler with project's scala-library version: 3.3.6
2025.05.26 10:25:25 INFO  no build target found for /home/lenovo/blogapp/app/models/BlogRepo.scala. Using presentation compiler with project's scala-library version: 3.3.6
2025.05.26 10:25:26 INFO  no build target found for /home/lenovo/blogapp/app/models/BlogRepo.scala. Using presentation compiler with project's scala-library version: 3.3.6
2025.05.26 10:25:26 INFO  no build target found for /home/lenovo/blogapp/app/models/BlogRepo.scala. Using presentation compiler with project's scala-library version: 3.3.6
2025.05.26 10:25:27 WARN  no build target for: /home/lenovo/blogapp/app/models/BlogRepo.scala
2025.05.26 10:25:27 INFO  no build target found for /home/lenovo/blogapp/app/models/BlogRepo.scala. Using presentation compiler with project's scala-library version: 3.3.6
2025.05.26 10:25:27 INFO  no build target found for /home/lenovo/blogapp/app/models/BlogRepo.scala. Using presentation compiler with project's scala-library version: 3.3.6
2025.05.26 10:25:40 INFO  no build target found for /home/lenovo/blogapp/app/models/BlogRepo.scala. Using presentation compiler with project's scala-library version: 3.3.6
2025.05.26 10:25:40 INFO  no build target found for /home/lenovo/blogapp/app/models/BlogRepo.scala. Using presentation compiler with project's scala-library version: 3.3.6
2025.05.26 10:25:40 INFO  no build target found for /home/lenovo/blogapp/app/models/BlogRepo.scala. Using presentation compiler with project's scala-library version: 3.3.6
2025.05.26 10:25:41 INFO  no build target found for /home/lenovo/blogapp/app/models/BlogRepo.scala. Using presentation compiler with project's scala-library version: 3.3.6
2025.05.26 10:25:41 INFO  no build target found for /home/lenovo/blogapp/app/models/BlogRepo.scala. Using presentation compiler with project's scala-library version: 3.3.6
2025.05.26 10:25:43 INFO  no build target found for /home/lenovo/blogapp/app/models/BlogRepo.scala. Using presentation compiler with project's scala-library version: 3.3.6
2025.05.26 10:25:44 INFO  no build target found for /home/lenovo/blogapp/app/models/BlogRepo.scala. Using presentation compiler with project's scala-library version: 3.3.6
2025.05.26 10:25:44 INFO  no build target found for /home/lenovo/blogapp/app/models/BlogRepo.scala. Using presentation compiler with project's scala-library version: 3.3.6
2025.05.26 10:25:44 WARN  no build target for: /home/lenovo/blogapp/app/models/BlogRepo.scala
2025.05.26 10:25:44 INFO  no build target found for /home/lenovo/blogapp/app/models/BlogRepo.scala. Using presentation compiler with project's scala-library version: 3.3.6
2025.05.26 10:27:20 WARN  no build target for: /home/lenovo/blogapp/app/models/BlogRepo.scala
2025.05.26 10:27:20 INFO  no build target found for /home/lenovo/blogapp/app/models/BlogRepo.scala. Using presentation compiler with project's scala-library version: 3.3.6
2025.05.26 10:27:20 INFO  no build target found for /home/lenovo/blogapp/app/models/BlogRepo.scala. Using presentation compiler with project's scala-library version: 3.3.6
2025.05.26 10:27:20 INFO  no build target found for /home/lenovo/blogapp/app/models/BlogRepo.scala. Using presentation compiler with project's scala-library version: 3.3.6
2025.05.26 10:27:22 INFO  no build target found for /home/lenovo/blogapp/app/models/BlogRepo.scala. Using presentation compiler with project's scala-library version: 3.3.6
2025.05.26 10:27:22 INFO  no build target found for /home/lenovo/blogapp/app/models/BlogRepo.scala. Using presentation compiler with project's scala-library version: 3.3.6
2025.05.26 10:27:22 INFO  no build target found for /home/lenovo/blogapp/app/models/BlogRepo.scala. Using presentation compiler with project's scala-library version: 3.3.6
2025.05.26 10:27:24 INFO  no build target found for /home/lenovo/blogapp/app/models/BlogRepo.scala. Using presentation compiler with project's scala-library version: 3.3.6
2025.05.26 10:27:25 INFO  no build target found for /home/lenovo/blogapp/app/models/BlogRepo.scala. Using presentation compiler with project's scala-library version: 3.3.6
2025.05.26 10:27:25 INFO  no build target found for /home/lenovo/blogapp/app/models/BlogRepo.scala. Using presentation compiler with project's scala-library version: 3.3.6
2025.05.26 10:27:25 INFO  no build target found for /home/lenovo/blogapp/app/models/BlogRepo.scala. Using presentation compiler with project's scala-library version: 3.3.6
2025.05.26 10:27:26 WARN  no build target for: /home/lenovo/blogapp/app/models/BlogRepo.scala
2025.05.26 10:27:26 INFO  no build target found for /home/lenovo/blogapp/app/models/BlogRepo.scala. Using presentation compiler with project's scala-library version: 3.3.6
2025.05.26 10:28:14 INFO  no build target found for /home/lenovo/blogapp/app/models/BlogRepo.scala. Using presentation compiler with project's scala-library version: 3.3.6
2025.05.26 10:28:14 INFO  no build target found for /home/lenovo/blogapp/app/models/BlogRepo.scala. Using presentation compiler with project's scala-library version: 3.3.6
2025.05.26 10:28:14 INFO  no build target found for /home/lenovo/blogapp/app/models/BlogRepo.scala. Using presentation compiler with project's scala-library version: 3.3.6
2025.05.26 10:28:15 INFO  no build target found for /home/lenovo/blogapp/app/models/BlogRepo.scala. Using presentation compiler with project's scala-library version: 3.3.6
2025.05.26 10:28:15 INFO  no build target found for /home/lenovo/blogapp/app/models/BlogRepo.scala. Using presentation compiler with project's scala-library version: 3.3.6
2025.05.26 10:28:15 INFO  no build target found for /home/lenovo/blogapp/app/models/BlogRepo.scala. Using presentation compiler with project's scala-library version: 3.3.6
2025.05.26 10:28:16 INFO  no build target found for /home/lenovo/blogapp/app/models/BlogRepo.scala. Using presentation compiler with project's scala-library version: 3.3.6
2025.05.26 10:28:16 INFO  no build target found for /home/lenovo/blogapp/app/models/BlogRepo.scala. Using presentation compiler with project's scala-library version: 3.3.6
2025.05.26 10:28:16 INFO  no build target found for /home/lenovo/blogapp/app/models/BlogRepo.scala. Using presentation compiler with project's scala-library version: 3.3.6
2025.05.26 10:28:16 INFO  no build target found for /home/lenovo/blogapp/app/models/BlogRepo.scala. Using presentation compiler with project's scala-library version: 3.3.6
2025.05.26 10:28:16 INFO  no build target found for /home/lenovo/blogapp/app/models/BlogRepo.scala. Using presentation compiler with project's scala-library version: 3.3.6
2025.05.26 10:28:16 INFO  no build target found for /home/lenovo/blogapp/app/models/BlogRepo.scala. Using presentation compiler with project's scala-library version: 3.3.6
2025.05.26 10:28:17 INFO  no build target found for /home/lenovo/blogapp/app/models/BlogRepo.scala. Using presentation compiler with project's scala-library version: 3.3.6
2025.05.26 10:28:17 INFO  no build target found for /home/lenovo/blogapp/app/models/BlogRepo.scala. Using presentation compiler with project's scala-library version: 3.3.6
2025.05.26 10:28:20 INFO  no build target found for /home/lenovo/blogapp/app/models/BlogRepo.scala. Using presentation compiler with project's scala-library version: 3.3.6
2025.05.26 10:28:20 INFO  no build target found for /home/lenovo/blogapp/app/models/BlogRepo.scala. Using presentation compiler with project's scala-library version: 3.3.6
2025.05.26 10:28:20 INFO  no build target found for /home/lenovo/blogapp/app/models/BlogRepo.scala. Using presentation compiler with project's scala-library version: 3.3.6
2025.05.26 10:28:21 WARN  no build target for: /home/lenovo/blogapp/app/models/BlogRepo.scala
2025.05.26 10:28:21 INFO  no build target found for /home/lenovo/blogapp/app/models/BlogRepo.scala. Using presentation compiler with project's scala-library version: 3.3.6
2025.05.26 10:28:49 INFO  no build target found for /home/lenovo/blogapp/app/models/BlogRepo.scala. Using presentation compiler with project's scala-library version: 3.3.6
2025.05.26 10:28:49 INFO  no build target found for /home/lenovo/blogapp/app/models/BlogRepo.scala. Using presentation compiler with project's scala-library version: 3.3.6
2025.05.26 10:28:49 INFO  no build target found for /home/lenovo/blogapp/app/models/BlogRepo.scala. Using presentation compiler with project's scala-library version: 3.3.6
2025.05.26 10:28:50 INFO  no build target found for /home/lenovo/blogapp/app/models/BlogRepo.scala. Using presentation compiler with project's scala-library version: 3.3.6
2025.05.26 10:28:51 INFO  no build target found for /home/lenovo/blogapp/app/models/BlogRepo.scala. Using presentation compiler with project's scala-library version: 3.3.6
2025.05.26 10:28:51 INFO  no build target found for /home/lenovo/blogapp/app/models/BlogRepo.scala. Using presentation compiler with project's scala-library version: 3.3.6
2025.05.26 10:28:52 WARN  no build target for: /home/lenovo/blogapp/app/models/BlogRepo.scala
2025.05.26 10:28:52 INFO  no build target found for /home/lenovo/blogapp/app/models/BlogRepo.scala. Using presentation compiler with project's scala-library version: 3.3.6
2025.05.26 10:28:51 INFO  no build target found for /home/lenovo/blogapp/app/models/BlogRepo.scala. Using presentation compiler with project's scala-library version: 3.3.6
2025.05.26 10:29:30 INFO  no build target found for /home/lenovo/blogapp/app/models/BlogRepo.scala. Using presentation compiler with project's scala-library version: 3.3.6
2025.05.26 10:29:30 INFO  no build target found for /home/lenovo/blogapp/app/models/BlogRepo.scala. Using presentation compiler with project's scala-library version: 3.3.6
2025.05.26 10:29:31 INFO  no build target found for /home/lenovo/blogapp/app/models/BlogRepo.scala. Using presentation compiler with project's scala-library version: 3.3.6
2025.05.26 10:29:31 INFO  no build target found for /home/lenovo/blogapp/app/models/BlogRepo.scala. Using presentation compiler with project's scala-library version: 3.3.6
2025.05.26 10:29:32 WARN  no build target for: /home/lenovo/blogapp/app/models/BlogRepo.scala
2025.05.26 10:29:32 INFO  no build target found for /home/lenovo/blogapp/app/models/BlogRepo.scala. Using presentation compiler with project's scala-library version: 3.3.6
2025.05.26 10:29:32 INFO  no build target found for /home/lenovo/blogapp/app/models/BlogRepo.scala. Using presentation compiler with project's scala-library version: 3.3.6
2025.05.26 10:30:13 INFO  no build target found for /home/lenovo/blogapp/app/models/BlogRepo.scala. Using presentation compiler with project's scala-library version: 3.3.6
2025.05.26 10:30:14 INFO  no build target found for /home/lenovo/blogapp/app/models/BlogRepo.scala. Using presentation compiler with project's scala-library version: 3.3.6
2025.05.26 10:30:14 INFO  no build target found for /home/lenovo/blogapp/app/models/BlogRepo.scala. Using presentation compiler with project's scala-library version: 3.3.6
2025.05.26 10:30:14 INFO  no build target found for /home/lenovo/blogapp/app/models/BlogRepo.scala. Using presentation compiler with project's scala-library version: 3.3.6
2025.05.26 10:30:14 INFO  no build target found for /home/lenovo/blogapp/app/models/BlogRepo.scala. Using presentation compiler with project's scala-library version: 3.3.6
2025.05.26 10:30:15 WARN  no build target for: /home/lenovo/blogapp/app/models/BlogRepo.scala
2025.05.26 10:30:15 INFO  no build target found for /home/lenovo/blogapp/app/models/BlogRepo.scala. Using presentation compiler with project's scala-library version: 3.3.6
2025.05.26 10:30:15 INFO  no build target found for /home/lenovo/blogapp/app/models/BlogRepo.scala. Using presentation compiler with project's scala-library version: 3.3.6
2025.05.26 10:30:15 INFO  no build target found for /home/lenovo/blogapp/app/models/BlogRepo.scala. Using presentation compiler with project's scala-library version: 3.3.6
2025.05.26 10:30:15 INFO  no build target found for /home/lenovo/blogapp/app/models/BlogRepo.scala. Using presentation compiler with project's scala-library version: 3.3.6
2025.05.26 10:30:15 INFO  no build target found for /home/lenovo/blogapp/app/models/BlogRepo.scala. Using presentation compiler with project's scala-library version: 3.3.6
2025.05.26 10:30:16 WARN  no build target for: /home/lenovo/blogapp/app/models/BlogRepo.scala
2025.05.26 10:30:16 INFO  no build target found for /home/lenovo/blogapp/app/models/BlogRepo.scala. Using presentation compiler with project's scala-library version: 3.3.6
2025.05.26 10:30:48 INFO  no build target found for /home/lenovo/blogapp/app/models/BlogRepo.scala. Using presentation compiler with project's scala-library version: 3.3.6
2025.05.26 10:30:48 INFO  no build target found for /home/lenovo/blogapp/app/models/BlogRepo.scala. Using presentation compiler with project's scala-library version: 3.3.6
2025.05.26 10:30:48 INFO  no build target found for /home/lenovo/blogapp/app/models/BlogRepo.scala. Using presentation compiler with project's scala-library version: 3.3.6
2025.05.26 10:30:50 INFO  no build target found for /home/lenovo/blogapp/app/models/BlogRepo.scala. Using presentation compiler with project's scala-library version: 3.3.6
2025.05.26 10:30:50 INFO  no build target found for /home/lenovo/blogapp/app/models/BlogRepo.scala. Using presentation compiler with project's scala-library version: 3.3.6
2025.05.26 10:30:50 INFO  no build target found for /home/lenovo/blogapp/app/models/BlogRepo.scala. Using presentation compiler with project's scala-library version: 3.3.6
2025.05.26 10:30:50 INFO  no build target found for /home/lenovo/blogapp/app/models/BlogRepo.scala. Using presentation compiler with project's scala-library version: 3.3.6
2025.05.26 10:30:51 INFO  no build target found for /home/lenovo/blogapp/app/models/BlogRepo.scala. Using presentation compiler with project's scala-library version: 3.3.6
2025.05.26 10:30:51 INFO  no build target found for /home/lenovo/blogapp/app/models/BlogRepo.scala. Using presentation compiler with project's scala-library version: 3.3.6
2025.05.26 10:30:51 INFO  no build target found for /home/lenovo/blogapp/app/models/BlogRepo.scala. Using presentation compiler with project's scala-library version: 3.3.6
2025.05.26 10:30:51 INFO  no build target found for /home/lenovo/blogapp/app/models/BlogRepo.scala. Using presentation compiler with project's scala-library version: 3.3.6
2025.05.26 10:30:52 WARN  no build target for: /home/lenovo/blogapp/app/models/BlogRepo.scala
2025.05.26 10:30:52 INFO  no build target found for /home/lenovo/blogapp/app/models/BlogRepo.scala. Using presentation compiler with project's scala-library version: 3.3.6
2025.05.26 10:30:52 WARN  no build target for: /home/lenovo/blogapp/app/controllers/HomeController.scala
2025.05.26 10:30:53 INFO  no build target found for /home/lenovo/blogapp/app/controllers/HomeController.scala. Using presentation compiler with project's scala-library version: 3.3.6
2025.05.26 10:30:52 INFO  no build target found for /home/lenovo/blogapp/app/controllers/HomeController.scala. Using presentation compiler with project's scala-library version: 3.3.6
2025.05.26 10:30:53 INFO  no build target found for /home/lenovo/blogapp/app/controllers/HomeController.scala. Using presentation compiler with project's scala-library version: 3.3.6
2025.05.26 10:30:57 INFO  no build target found for /home/lenovo/blogapp/app/controllers/HomeController.scala. Using presentation compiler with project's scala-library version: 3.3.6
2025.05.26 10:30:57 INFO  no build target found for /home/lenovo/blogapp/app/controllers/HomeController.scala. Using presentation compiler with project's scala-library version: 3.3.6
2025.05.26 10:30:58 INFO  no build target found for /home/lenovo/blogapp/app/controllers/HomeController.scala. Using presentation compiler with project's scala-library version: 3.3.6
2025.05.26 10:30:58 WARN  no build target for: /home/lenovo/blogapp/app/controllers/HomeController.scala
2025.05.26 10:30:58 INFO  no build target found for /home/lenovo/blogapp/app/controllers/HomeController.scala. Using presentation compiler with project's scala-library version: 3.3.6
2025.05.26 10:30:58 INFO  no build target found for /home/lenovo/blogapp/app/controllers/HomeController.scala. Using presentation compiler with project's scala-library version: 3.3.6
2025.05.26 10:31:26 INFO  no build target found for /home/lenovo/blogapp/app/controllers/HomeController.scala. Using presentation compiler with project's scala-library version: 3.3.6
2025.05.26 10:31:27 INFO  no build target found for /home/lenovo/blogapp/app/controllers/HomeController.scala. Using presentation compiler with project's scala-library version: 3.3.6
2025.05.26 10:31:27 INFO  no build target found for /home/lenovo/blogapp/app/controllers/HomeController.scala. Using presentation compiler with project's scala-library version: 3.3.6
2025.05.26 10:31:27 INFO  no build target found for /home/lenovo/blogapp/app/controllers/HomeController.scala. Using presentation compiler with project's scala-library version: 3.3.6
2025.05.26 10:31:28 INFO  no build target found for /home/lenovo/blogapp/app/controllers/HomeController.scala. Using presentation compiler with project's scala-library version: 3.3.6
2025.05.26 10:31:28 WARN  no build target for: /home/lenovo/blogapp/app/controllers/HomeController.scala
2025.05.26 10:31:28 INFO  no build target found for /home/lenovo/blogapp/app/controllers/HomeController.scala. Using presentation compiler with project's scala-library version: 3.3.6
2025.05.26 10:31:28 INFO  no build target found for /home/lenovo/blogapp/app/controllers/HomeController.scala. Using presentation compiler with project's scala-library version: 3.3.6
2025.05.26 10:31:44 WARN  no build target for: /home/lenovo/blogapp/app/models/BlogRepo.scala
2025.05.26 10:31:44 INFO  no build target found for /home/lenovo/blogapp/app/models/BlogRepo.scala. Using presentation compiler with project's scala-library version: 3.3.6
2025.05.26 10:31:44 INFO  no build target found for /home/lenovo/blogapp/app/models/BlogRepo.scala. Using presentation compiler with project's scala-library version: 3.3.6
2025.05.26 10:31:45 INFO  no build target found for /home/lenovo/blogapp/app/models/BlogRepo.scala. Using presentation compiler with project's scala-library version: 3.3.6
2025.05.26 10:31:45 INFO  no build target found for /home/lenovo/blogapp/app/models/BlogRepo.scala. Using presentation compiler with project's scala-library version: 3.3.6
2025.05.26 10:31:46 INFO  no build target found for /home/lenovo/blogapp/app/models/BlogRepo.scala. Using presentation compiler with project's scala-library version: 3.3.6
2025.05.26 10:31:46 INFO  no build target found for /home/lenovo/blogapp/app/models/BlogRepo.scala. Using presentation compiler with project's scala-library version: 3.3.6
2025.05.26 10:31:47 WARN  no build target for: /home/lenovo/blogapp/app/models/BlogRepo.scala
2025.05.26 10:31:47 INFO  no build target found for /home/lenovo/blogapp/app/models/BlogRepo.scala. Using presentation compiler with project's scala-library version: 3.3.6
2025.05.26 10:48:44 INFO  Shutting down server
2025.05.26 10:48:44 INFO  shutting down Metals
2025.05.26 10:48:44 INFO  Exiting server
2025.05.26 10:48:44 ERROR Unexpected error initializing server: 
org.eclipse.lsp4j.jsonrpc.ResponseErrorException: Request window/showMessageRequest failed with message: Canceled
	at org.eclipse.lsp4j.jsonrpc.RemoteEndpoint.handleResponse(RemoteEndpoint.java:220)
	at org.eclipse.lsp4j.jsonrpc.RemoteEndpoint.consume(RemoteEndpoint.java:204)
	at org.eclipse.lsp4j.jsonrpc.json.StreamMessageProducer.handleMessage(StreamMessageProducer.java:185)
	at org.eclipse.lsp4j.jsonrpc.json.StreamMessageProducer.listen(StreamMessageProducer.java:97)
	at org.eclipse.lsp4j.jsonrpc.json.ConcurrentMessageProcessor.run(ConcurrentMessageProcessor.java:114)
	at java.util.concurrent.Executors$RunnableAdapter.call(Executors.java:539)
	at java.util.concurrent.FutureTask.run(FutureTask.java:264)
	at java.util.concurrent.ThreadPoolExecutor.runWorker(ThreadPoolExecutor.java:1136)
	at java.util.concurrent.ThreadPoolExecutor$Worker.run(ThreadPoolExecutor.java:635)
	at java.lang.Thread.run(Thread.java:840)

2025.05.26 10:49:03 INFO  Started: Metals version 1.5.3 in folders '/home/lenovo/blogapp' for client Visual Studio Code 1.97.2.
2025.05.26 10:50:07 INFO  Shutting down server
2025.05.26 10:50:07 INFO  shutting down Metals
2025.05.26 10:50:07 INFO  Exiting server
2025.05.28 17:58:53 INFO  Started: Metals version 1.5.3 in folders '/home/lenovo/blogapp' for client Visual Studio Code 1.97.2.
2025.05.28 17:58:53 INFO  Shutting down server
2025.05.28 17:58:53 INFO  shutting down Metals
2025.05.28 17:58:53 INFO  Exiting server
2025.10.05 11:08:52 INFO  Started: Metals version 1.5.3 in folders '/home/lenovo/blogapp' for client Visual Studio Code 1.97.2.
Oct 05, 2025 11:09:01 AM org.eclipse.lsp4j.jsonrpc.services.GenericEndpoint notify
INFO: Unsupported notification method: $/setTrace
